#
# There is insufficient memory for the Java Runtime Environment to continue.
# Native memory allocation (malloc) failed to allocate 639056 bytes for Chunk::new
# Possible reasons:
#   The system is out of physical RAM or swap space
#   The process is running with CompressedOops enabled, and the Java Heap may be blocking the growth of the native heap
# Possible solutions:
#   Reduce memory load on the system
#   Increase physical memory or swap space
#   Check if swap backing store is full
#   Decrease Java heap size (-Xmx/-Xms)
#   Decrease number of Java threads
#   Decrease Java thread stack sizes (-Xss)
#   Set larger code cache with -XX:ReservedCodeCacheSize=
#   JVM is running with Unscaled Compressed Oops mode in which the Java heap is
#     placed in the first 4GB address space. The Java Heap base address is the
#     maximum limit for the native heap growth. Please use -XX:HeapBaseMinAddress
#     to set the Java Heap base and to place the Java Heap above 4GB virtual address.
# This output file may be truncated or incomplete.
#
#  Out of Memory Error (arena.cpp:191), pid=17952, tid=23288
#
# JRE version: OpenJDK Runtime Environment JBR-17.0.9+8-1166.2-nomod (17.0.9+8) (build 17.0.9+8-b1166.2)
# Java VM: OpenJDK 64-Bit Server VM JBR-17.0.9+8-1166.2-nomod (17.0.9+8-b1166.2, mixed mode, tiered, compressed oops, compressed class ptrs, g1 gc, windows-amd64)
# No core dump will be written. Minidumps are not enabled by default on client versions of Windows
#

---------------  S U M M A R Y ------------

Command Line: --module-path=C:\Users\HACHEM\.m2\repository\org\openjfx\javafx-base\21.0.2\javafx-base-21.0.2-win.jar;C:\Users\HACHEM\.m2\repository\org\openjfx\javafx-base\21.0.2\javafx-base-21.0.2.jar;C:\Users\HACHEM\.m2\repository\org\openjfx\javafx-controls\21.0.2\javafx-controls-21.0.2-win.jar;C:\Users\HACHEM\.m2\repository\org\openjfx\javafx-controls\21.0.2\javafx-controls-21.0.2.jar;C:\Users\HACHEM\.m2\repository\org\openjfx\javafx-fxml\21.0.2\javafx-fxml-21.0.2-win.jar;C:\Users\HACHEM\.m2\repository\org\openjfx\javafx-fxml\21.0.2\javafx-fxml-21.0.2.jar;C:\Users\HACHEM\.m2\repository\org\openjfx\javafx-graphics\21.0.2\javafx-graphics-21.0.2-win.jar;C:\Users\HACHEM\.m2\repository\org\openjfx\javafx-graphics\21.0.2\javafx-graphics-21.0.2.jar;C:\Users\HACHEM\.m2\repository\org\openjfx\javafx-media\17.0.6\javafx-media-17.0.6-win.jar;C:\Users\HACHEM\.m2\repository\org\openjfx\javafx-media\17.0.6\javafx-media-17.0.6.jar;C:\Users\HACHEM\.m2\repository\org\openjfx\javafx-web\17.0.6\javafx-web-17.0.6-win.jar;C:\Users\HACHEM\.m2\repository\org\openjfx\javafx-web\17.0.6\javafx-web-17.0.6.jar --add-modules=javafx.base,javafx.controls,javafx.fxml,javafx.graphics,javafx.media,javafx.web edu.esprit.tests.MainFX

Host: Intel(R) Core(TM) i5-8250U CPU @ 1.60GHz, 8 cores, 7G,  Windows 10 , 64 bit Build 19041 (10.0.19041.3636)
Time: Fri Mar  8 07:05:46 2024 Morocco Daylight Time elapsed time: 52.468803 seconds (0d 0h 0m 52s)

---------------  T H R E A D  ---------------

Current thread (0x000002be439bb440):  JavaThread "C2 CompilerThread0" daemon [_thread_in_native, id=23288, stack(0x000000d60d200000,0x000000d60d300000)]


Current CompileTask:
C2:  52468 5824       4       javafx.scene.CssStyleHelper::resolveLookups (463 bytes)

Stack: [0x000000d60d200000,0x000000d60d300000]
Native frames: (J=compiled Java code, j=interpreted, Vv=VM code, C=native code)
V  [jvm.dll+0x688349]


---------------  P R O C E S S  ---------------

Threads class SMR info:
_java_thread_list=0x000002be43b48310, length=21, elements={
0x000002be296ed2d0, 0x000002be439671f0, 0x000002be43968070, 0x000002be4396d990,
0x000002be439b7210, 0x000002be439b9ce0, 0x000002be439ba6a0, 0x000002be439bb440,
0x000002be439bbef0, 0x000002be439d5ab0, 0x000002be434924d0, 0x000002be48120410,
0x000002be4816e010, 0x000002be2751d190, 0x000002be4852cd80, 0x000002be48768300,
0x000002be487678e0, 0x000002be48767df0, 0x000002be48768810, 0x000002be48765a80,
0x000002be4d9837f0
}

Java Threads: ( => current thread )
  0x000002be296ed2d0 JavaThread "main" [_thread_blocked, id=22512, stack(0x000000d60c500000,0x000000d60c600000)]
  0x000002be439671f0 JavaThread "Reference Handler" daemon [_thread_blocked, id=19536, stack(0x000000d60cc00000,0x000000d60cd00000)]
  0x000002be43968070 JavaThread "Finalizer" daemon [_thread_blocked, id=18480, stack(0x000000d60cd00000,0x000000d60ce00000)]
  0x000002be4396d990 JavaThread "Signal Dispatcher" daemon [_thread_blocked, id=12596, stack(0x000000d60ce00000,0x000000d60cf00000)]
  0x000002be439b7210 JavaThread "Attach Listener" daemon [_thread_blocked, id=20796, stack(0x000000d60cf00000,0x000000d60d000000)]
  0x000002be439b9ce0 JavaThread "Service Thread" daemon [_thread_blocked, id=18868, stack(0x000000d60d000000,0x000000d60d100000)]
  0x000002be439ba6a0 JavaThread "Monitor Deflation Thread" daemon [_thread_blocked, id=22844, stack(0x000000d60d100000,0x000000d60d200000)]
=>0x000002be439bb440 JavaThread "C2 CompilerThread0" daemon [_thread_in_native, id=23288, stack(0x000000d60d200000,0x000000d60d300000)]
  0x000002be439bbef0 JavaThread "C1 CompilerThread0" daemon [_thread_in_native, id=22936, stack(0x000000d60d300000,0x000000d60d400000)]
  0x000002be439d5ab0 JavaThread "Sweeper thread" daemon [_thread_blocked, id=15004, stack(0x000000d60d400000,0x000000d60d500000)]
  0x000002be434924d0 JavaThread "Common-Cleaner" daemon [_thread_blocked, id=23104, stack(0x000000d60d500000,0x000000d60d600000)]
  0x000002be48120410 JavaThread "Notification Thread" daemon [_thread_blocked, id=8688, stack(0x000000d60d700000,0x000000d60d800000)]
  0x000002be4816e010 JavaThread "QuantumRenderer-0" daemon [_thread_blocked, id=18188, stack(0x000000d60d900000,0x000000d60da00000)]
  0x000002be2751d190 JavaThread "InvokeLaterDispatcher" daemon [_thread_blocked, id=6348, stack(0x000000d60d600000,0x000000d60d700000)]
  0x000002be4852cd80 JavaThread "JavaFX Application Thread" [_thread_blocked, id=16004, stack(0x000000d60db00000,0x000000d60dc00000)]
  0x000002be48768300 JavaThread "JavaFX-Launcher" [_thread_blocked, id=6008, stack(0x000000d60df00000,0x000000d60e000000)]
  0x000002be487678e0 JavaThread "Thread-2" daemon [_thread_blocked, id=14588, stack(0x000000d60de00000,0x000000d60df00000)]
  0x000002be48767df0 JavaThread "Prism Font Disposer" daemon [_thread_blocked, id=8036, stack(0x000000d60ee00000,0x000000d60ef00000)]
  0x000002be48768810 JavaThread "Cleaner-0" daemon [_thread_blocked, id=22120, stack(0x000000d60f000000,0x000000d60f100000)]
  0x000002be48765a80 JavaThread "mysql-cj-abandoned-connection-cleanup" daemon [_thread_blocked, id=22392, stack(0x000000d60da00000,0x000000d60db00000)]
  0x000002be4d9837f0 JavaThread "C2 CompilerThread1" daemon [_thread_in_native, id=20008, stack(0x000000d60f400000,0x000000d60f500000)]

Other Threads:
  0x000002be439654e0 VMThread "VM Thread" [stack: 0x000000d60cb00000,0x000000d60cc00000] [id=14116]
  0x000002be48124670 WatcherThread [stack: 0x000000d60d800000,0x000000d60d900000] [id=21972]
  0x000002be29747580 GCTaskThread "GC Thread#0" [stack: 0x000000d60c600000,0x000000d60c700000] [id=22288]
  0x000002be4d10b5f0 GCTaskThread "GC Thread#1" [stack: 0x000000d60e000000,0x000000d60e100000] [id=21580]
  0x000002be4862f7f0 GCTaskThread "GC Thread#2" [stack: 0x000000d60e100000,0x000000d60e200000] [id=19956]
  0x000002be4d19c450 GCTaskThread "GC Thread#3" [stack: 0x000000d60e200000,0x000000d60e300000] [id=22604]
  0x000002be4d19c710 GCTaskThread "GC Thread#4" [stack: 0x000000d60e300000,0x000000d60e400000] [id=12368]
  0x000002be48529a90 GCTaskThread "GC Thread#5" [stack: 0x000000d60e400000,0x000000d60e500000] [id=15416]
  0x000002be50736c60 GCTaskThread "GC Thread#6" [stack: 0x000000d60e900000,0x000000d60ea00000] [id=23260]
  0x000002be50737a20 GCTaskThread "GC Thread#7" [stack: 0x000000d60ea00000,0x000000d60eb00000] [id=18268]
  0x000002be29759120 ConcurrentGCThread "G1 Main Marker" [stack: 0x000000d60c700000,0x000000d60c800000] [id=21912]
  0x000002be29759b40 ConcurrentGCThread "G1 Conc#0" [stack: 0x000000d60c800000,0x000000d60c900000] [id=16380]
  0x000002be50736420 ConcurrentGCThread "G1 Conc#1" [stack: 0x000000d60ef00000,0x000000d60f000000] [id=17404]
  0x000002be43357dd0 ConcurrentGCThread "G1 Refine#0" [stack: 0x000000d60c900000,0x000000d60ca00000] [id=10284]
  0x000002be4d16d6b0 ConcurrentGCThread "G1 Refine#1" [stack: 0x000000d60eb00000,0x000000d60ec00000] [id=1812]
  0x000002be50b414d0 ConcurrentGCThread "G1 Refine#2" [stack: 0x000000d60ec00000,0x000000d60ed00000] [id=18900]
  0x000002be50d19530 ConcurrentGCThread "G1 Refine#3" [stack: 0x000000d60ed00000,0x000000d60ee00000] [id=19772]
  0x000002be50ad0e00 ConcurrentGCThread "G1 Refine#4" [stack: 0x000000d60e500000,0x000000d60e600000] [id=17780]
  0x000002be50ad0820 ConcurrentGCThread "G1 Refine#5" [stack: 0x000000d60f100000,0x000000d60f200000] [id=22176]
  0x000002be50ad0530 ConcurrentGCThread "G1 Refine#6" [stack: 0x000000d60f200000,0x000000d60f300000] [id=18092]
  0x000002be50ad10f0 ConcurrentGCThread "G1 Refine#7" [stack: 0x000000d60f300000,0x000000d60f400000] [id=23296]
  0x000002be43358800 ConcurrentGCThread "G1 Service" [stack: 0x000000d60ca00000,0x000000d60cb00000] [id=23152]

Threads with active compile tasks:
C2 CompilerThread0    52586 5824       4       javafx.scene.CssStyleHelper::resolveLookups (463 bytes)
C1 CompilerThread0    52586 5926       3       javafx.scene.control.skin.LabeledSkinBase::layoutLabelInArea (1666 bytes)
C2 CompilerThread1    52586 5784 %     4       com.sun.javafx.css.SelectorPartitioning::match @ 544 (696 bytes)

VM state: at safepoint (normal execution)

VM Mutex/Monitor currently owned by a thread:  ([mutex/lock_event])
[0x000002be296e99d0] Threads_lock - owner thread: 0x000002be439654e0
[0x000002be296e8110] Heap_lock - owner thread: 0x000002be29759120

Heap address: 0x0000000081e00000, size: 2018 MB, Compressed Oops mode: 32-bit

CDS archive(s) not mapped
Compressed class space mapped at: 0x0000000100000000-0x0000000140000000, reserved size: 1073741824
Narrow klass base: 0x0000000000000000, Narrow klass shift: 3, Narrow klass range: 0x140000000

GC Precious Log:
 CPUs: 8 total, 8 available
 Memory: 8070M
 Large Page Support: Disabled
 NUMA Support: Disabled
 Compressed Oops: Enabled (32-bit)
 Heap Region Size: 1M
 Heap Min Capacity: 8M
 Heap Initial Capacity: 128M
 Heap Max Capacity: 2018M
 Pre-touch: Disabled
 Parallel Workers: 8
 Concurrent Workers: 2
 Concurrent Refinement Workers: 8
 Periodic GC: Disabled

Heap:
 garbage-first heap   total 357376K, used 342914K [0x0000000081e00000, 0x0000000100000000)
  region size 1024K, 3 young (3072K), 2 survivors (2048K)
 Metaspace       used 38783K, committed 39104K, reserved 1114112K
  class space    used 4990K, committed 5120K, reserved 1048576K

Heap Regions: E=young(eden), S=young(survivor), O=old, HS=humongous(starts), HC=humongous(continues), CS=collection set, F=free, OA=open archive, CA=closed archive, TAMS=top-at-mark-start (previous, next)
|   0|0x0000000081e00000, 0x0000000081f00000, 0x0000000081f00000|100%|HS|  |TAMS 0x0000000081f00000, 0x0000000081f00000| Complete 
|   1|0x0000000081f00000, 0x0000000082000000, 0x0000000082000000|100%| O|  |TAMS 0x0000000082000000, 0x0000000082000000| Untracked 
|   2|0x0000000082000000, 0x0000000082100000, 0x0000000082100000|100%|HS|  |TAMS 0x0000000082100000, 0x0000000082100000| Complete 
|   3|0x0000000082100000, 0x000000008217c420, 0x0000000082200000| 48%| S|CS|TAMS 0x0000000082100000, 0x0000000082100000| Complete 
|   4|0x0000000082200000, 0x0000000082300000, 0x0000000082300000|100%|HS|  |TAMS 0x0000000082300000, 0x0000000082300000| Complete 
|   5|0x0000000082300000, 0x0000000082400000, 0x0000000082400000|100%|HC|  |TAMS 0x0000000082400000, 0x0000000082400000| Complete 
|   6|0x0000000082400000, 0x0000000082500000, 0x0000000082500000|100%|HS|  |TAMS 0x0000000082500000, 0x0000000082500000| Complete 
|   7|0x0000000082500000, 0x0000000082600000, 0x0000000082600000|100%|HC|  |TAMS 0x0000000082600000, 0x0000000082600000| Complete 
|   8|0x0000000082600000, 0x0000000082700000, 0x0000000082700000|100%|HS|  |TAMS 0x0000000082700000, 0x0000000082700000| Complete 
|   9|0x0000000082700000, 0x0000000082800000, 0x0000000082800000|100%|HC|  |TAMS 0x0000000082800000, 0x0000000082800000| Complete 
|  10|0x0000000082800000, 0x0000000082900000, 0x0000000082900000|100%|HS|  |TAMS 0x0000000082900000, 0x0000000082900000| Complete 
|  11|0x0000000082900000, 0x0000000082a00000, 0x0000000082a00000|100%|HC|  |TAMS 0x0000000082a00000, 0x0000000082a00000| Complete 
|  12|0x0000000082a00000, 0x0000000082b00000, 0x0000000082b00000|100%|HS|  |TAMS 0x0000000082b00000, 0x0000000082b00000| Complete 
|  13|0x0000000082b00000, 0x0000000082c00000, 0x0000000082c00000|100%|HC|  |TAMS 0x0000000082c00000, 0x0000000082c00000| Complete 
|  14|0x0000000082c00000, 0x0000000082d00000, 0x0000000082d00000|100%|HS|  |TAMS 0x0000000082d00000, 0x0000000082d00000| Complete 
|  15|0x0000000082d00000, 0x0000000082e00000, 0x0000000082e00000|100%|HC|  |TAMS 0x0000000082e00000, 0x0000000082e00000| Complete 
|  16|0x0000000082e00000, 0x0000000082f00000, 0x0000000082f00000|100%|HS|  |TAMS 0x0000000082f00000, 0x0000000082f00000| Complete 
|  17|0x0000000082f00000, 0x0000000083000000, 0x0000000083000000|100%|HC|  |TAMS 0x0000000083000000, 0x0000000083000000| Complete 
|  18|0x0000000083000000, 0x0000000083100000, 0x0000000083100000|100%|HS|  |TAMS 0x0000000083100000, 0x0000000083100000| Complete 
|  19|0x0000000083100000, 0x0000000083200000, 0x0000000083200000|100%|HC|  |TAMS 0x0000000083200000, 0x0000000083200000| Complete 
|  20|0x0000000083200000, 0x0000000083300000, 0x0000000083300000|100%| O|  |TAMS 0x0000000083300000, 0x0000000083300000| Untracked 
|  21|0x0000000083300000, 0x0000000083400000, 0x0000000083400000|100%| O|  |TAMS 0x0000000083400000, 0x0000000083400000| Untracked 
|  22|0x0000000083400000, 0x0000000083500000, 0x0000000083500000|100%| O|  |TAMS 0x0000000083500000, 0x0000000083500000| Untracked 
|  23|0x0000000083500000, 0x0000000083600000, 0x0000000083600000|100%| O|  |TAMS 0x0000000083600000, 0x0000000083600000| Untracked 
|  24|0x0000000083600000, 0x0000000083700000, 0x0000000083700000|100%| O|  |TAMS 0x0000000083700000, 0x0000000083700000| Untracked 
|  25|0x0000000083700000, 0x0000000083800000, 0x0000000083800000|100%| O|  |TAMS 0x0000000083800000, 0x0000000083800000| Untracked 
|  26|0x0000000083800000, 0x0000000083900000, 0x0000000083900000|100%| O|  |TAMS 0x0000000083900000, 0x0000000083900000| Untracked 
|  27|0x0000000083900000, 0x0000000083a00000, 0x0000000083a00000|100%| O|  |TAMS 0x0000000083a00000, 0x0000000083a00000| Untracked 
|  28|0x0000000083a00000, 0x0000000083b00000, 0x0000000083b00000|100%| O|  |TAMS 0x0000000083b00000, 0x0000000083b00000| Untracked 
|  29|0x0000000083b00000, 0x0000000083c00000, 0x0000000083c00000|100%| O|  |TAMS 0x0000000083c00000, 0x0000000083c00000| Untracked 
|  30|0x0000000083c00000, 0x0000000083d00000, 0x0000000083d00000|100%| O|  |TAMS 0x0000000083c00000, 0x0000000083d00000| Untracked 
|  31|0x0000000083d00000, 0x0000000083e00000, 0x0000000083e00000|100%|HS|  |TAMS 0x0000000083e00000, 0x0000000083e00000| Complete 
|  32|0x0000000083e00000, 0x0000000083f00000, 0x0000000083f00000|100%|HC|  |TAMS 0x0000000083f00000, 0x0000000083f00000| Complete 
|  33|0x0000000083f00000, 0x0000000084000000, 0x0000000084000000|100%|HS|  |TAMS 0x0000000083f00000, 0x0000000084000000| Complete 
|  34|0x0000000084000000, 0x0000000084100000, 0x0000000084100000|100%|HC|  |TAMS 0x0000000084000000, 0x0000000084100000| Complete 
|  35|0x0000000084100000, 0x0000000084200000, 0x0000000084200000|100%|HS|  |TAMS 0x0000000084100000, 0x0000000084200000| Complete 
|  36|0x0000000084200000, 0x0000000084300000, 0x0000000084300000|100%|HC|  |TAMS 0x0000000084200000, 0x0000000084300000| Complete 
|  37|0x0000000084300000, 0x0000000084400000, 0x0000000084400000|100%|HS|  |TAMS 0x0000000084300000, 0x0000000084400000| Complete 
|  38|0x0000000084400000, 0x0000000084500000, 0x0000000084500000|100%|HC|  |TAMS 0x0000000084400000, 0x0000000084500000| Complete 
|  39|0x0000000084500000, 0x0000000084600000, 0x0000000084600000|100%|HS|  |TAMS 0x0000000084500000, 0x0000000084600000| Complete 
|  40|0x0000000084600000, 0x0000000084700000, 0x0000000084700000|100%|HC|  |TAMS 0x0000000084600000, 0x0000000084700000| Complete 
|  41|0x0000000084700000, 0x0000000084800000, 0x0000000084800000|100%|HS|  |TAMS 0x0000000084700000, 0x0000000084800000| Complete 
|  42|0x0000000084800000, 0x0000000084900000, 0x0000000084900000|100%|HC|  |TAMS 0x0000000084800000, 0x0000000084900000| Complete 
|  43|0x0000000084900000, 0x0000000084a00000, 0x0000000084a00000|100%|HS|  |TAMS 0x0000000084900000, 0x0000000084a00000| Complete 
|  44|0x0000000084a00000, 0x0000000084b00000, 0x0000000084b00000|100%|HC|  |TAMS 0x0000000084a00000, 0x0000000084b00000| Complete 
|  45|0x0000000084b00000, 0x0000000084c00000, 0x0000000084c00000|100%|HS|  |TAMS 0x0000000084b00000, 0x0000000084c00000| Complete 
|  46|0x0000000084c00000, 0x0000000084d00000, 0x0000000084d00000|100%|HC|  |TAMS 0x0000000084c00000, 0x0000000084d00000| Complete 
|  47|0x0000000084d00000, 0x0000000084e00000, 0x0000000084e00000|100%|HS|  |TAMS 0x0000000084d00000, 0x0000000084e00000| Complete 
|  48|0x0000000084e00000, 0x0000000084f00000, 0x0000000084f00000|100%|HC|  |TAMS 0x0000000084e00000, 0x0000000084f00000| Complete 
|  49|0x0000000084f00000, 0x0000000085000000, 0x0000000085000000|100%|HS|  |TAMS 0x0000000084f00000, 0x0000000085000000| Complete 
|  50|0x0000000085000000, 0x0000000085100000, 0x0000000085100000|100%|HC|  |TAMS 0x0000000085000000, 0x0000000085100000| Complete 
|  51|0x0000000085100000, 0x0000000085200000, 0x0000000085200000|100%| O|  |TAMS 0x0000000085200000, 0x0000000085200000| Untracked 
|  52|0x0000000085200000, 0x0000000085300000, 0x0000000085300000|100%| O|  |TAMS 0x0000000085300000, 0x0000000085300000| Untracked 
|  53|0x0000000085300000, 0x0000000085400000, 0x0000000085400000|100%| O|  |TAMS 0x0000000085400000, 0x0000000085400000| Untracked 
|  54|0x0000000085400000, 0x0000000085500000, 0x0000000085500000|100%| O|  |TAMS 0x0000000085500000, 0x0000000085500000| Untracked 
|  55|0x0000000085500000, 0x0000000085600000, 0x0000000085600000|100%| O|  |TAMS 0x0000000085600000, 0x0000000085600000| Untracked 
|  56|0x0000000085600000, 0x0000000085700000, 0x0000000085700000|100%| O|  |TAMS 0x0000000085700000, 0x0000000085700000| Untracked 
|  57|0x0000000085700000, 0x0000000085800000, 0x0000000085800000|100%|HS|  |TAMS 0x0000000085700000, 0x0000000085800000| Complete 
|  58|0x0000000085800000, 0x0000000085900000, 0x0000000085900000|100%|HC|  |TAMS 0x0000000085800000, 0x0000000085900000| Complete 
|  59|0x0000000085900000, 0x0000000085a00000, 0x0000000085a00000|100%|HS|  |TAMS 0x0000000085900000, 0x0000000085a00000| Complete 
|  60|0x0000000085a00000, 0x0000000085b00000, 0x0000000085b00000|100%|HC|  |TAMS 0x0000000085a00000, 0x0000000085b00000| Complete 
|  61|0x0000000085b00000, 0x0000000085c00000, 0x0000000085c00000|100%|HS|  |TAMS 0x0000000085b00000, 0x0000000085c00000| Complete 
|  62|0x0000000085c00000, 0x0000000085d00000, 0x0000000085d00000|100%|HC|  |TAMS 0x0000000085c00000, 0x0000000085d00000| Complete 
|  63|0x0000000085d00000, 0x0000000085e00000, 0x0000000085e00000|100%|HS|  |TAMS 0x0000000085d00000, 0x0000000085e00000| Complete 
|  64|0x0000000085e00000, 0x0000000085f00000, 0x0000000085f00000|100%|HC|  |TAMS 0x0000000085e00000, 0x0000000085f00000| Complete 
|  65|0x0000000085f00000, 0x0000000086000000, 0x0000000086000000|100%|HS|  |TAMS 0x0000000085f00000, 0x0000000086000000| Complete 
|  66|0x0000000086000000, 0x0000000086100000, 0x0000000086100000|100%|HC|  |TAMS 0x0000000086000000, 0x0000000086100000| Complete 
|  67|0x0000000086100000, 0x0000000086200000, 0x0000000086200000|100%|HS|  |TAMS 0x0000000086100000, 0x0000000086200000| Complete 
|  68|0x0000000086200000, 0x0000000086300000, 0x0000000086300000|100%|HC|  |TAMS 0x0000000086200000, 0x0000000086300000| Complete 
|  69|0x0000000086300000, 0x0000000086400000, 0x0000000086400000|100%|HS|  |TAMS 0x0000000086400000, 0x0000000086400000| Complete 
|  70|0x0000000086400000, 0x0000000086500000, 0x0000000086500000|100%|HC|  |TAMS 0x0000000086500000, 0x0000000086500000| Complete 
|  71|0x0000000086500000, 0x0000000086600000, 0x0000000086600000|100%|HS|  |TAMS 0x0000000086600000, 0x0000000086600000| Complete 
|  72|0x0000000086600000, 0x0000000086700000, 0x0000000086700000|100%|HC|  |TAMS 0x0000000086700000, 0x0000000086700000| Complete 
|  73|0x0000000086700000, 0x0000000086800000, 0x0000000086800000|100%|HS|  |TAMS 0x0000000086800000, 0x0000000086800000| Complete 
|  74|0x0000000086800000, 0x0000000086900000, 0x0000000086900000|100%|HC|  |TAMS 0x0000000086900000, 0x0000000086900000| Complete 
|  75|0x0000000086900000, 0x0000000086a00000, 0x0000000086a00000|100%|HS|  |TAMS 0x0000000086a00000, 0x0000000086a00000| Complete 
|  76|0x0000000086a00000, 0x0000000086b00000, 0x0000000086b00000|100%|HC|  |TAMS 0x0000000086b00000, 0x0000000086b00000| Complete 
|  77|0x0000000086b00000, 0x0000000086c00000, 0x0000000086c00000|100%|HS|  |TAMS 0x0000000086c00000, 0x0000000086c00000| Complete 
|  78|0x0000000086c00000, 0x0000000086d00000, 0x0000000086d00000|100%|HC|  |TAMS 0x0000000086d00000, 0x0000000086d00000| Complete 
|  79|0x0000000086d00000, 0x0000000086e00000, 0x0000000086e00000|100%|HS|  |TAMS 0x0000000086e00000, 0x0000000086e00000| Complete 
|  80|0x0000000086e00000, 0x0000000086f00000, 0x0000000086f00000|100%|HC|  |TAMS 0x0000000086f00000, 0x0000000086f00000| Complete 
|  81|0x0000000086f00000, 0x0000000087000000, 0x0000000087000000|100%| O|  |TAMS 0x0000000087000000, 0x0000000087000000| Untracked 
|  82|0x0000000087000000, 0x0000000087100000, 0x0000000087100000|100%| O|  |TAMS 0x00000000870f8e00, 0x0000000087100000| Untracked 
|  83|0x0000000087100000, 0x0000000087200000, 0x0000000087200000|100%|HS|  |TAMS 0x0000000087200000, 0x0000000087200000| Complete 
|  84|0x0000000087200000, 0x0000000087300000, 0x0000000087300000|100%|HC|  |TAMS 0x0000000087300000, 0x0000000087300000| Complete 
|  85|0x0000000087300000, 0x0000000087400000, 0x0000000087400000|100%|HC|  |TAMS 0x0000000087400000, 0x0000000087400000| Complete 
|  86|0x0000000087400000, 0x0000000087500000, 0x0000000087500000|100%|HC|  |TAMS 0x0000000087500000, 0x0000000087500000| Complete 
|  87|0x0000000087500000, 0x0000000087600000, 0x0000000087600000|100%|HC|  |TAMS 0x0000000087600000, 0x0000000087600000| Complete 
|  88|0x0000000087600000, 0x0000000087700000, 0x0000000087700000|100%|HC|  |TAMS 0x0000000087700000, 0x0000000087700000| Complete 
|  89|0x0000000087700000, 0x0000000087800000, 0x0000000087800000|100%|HC|  |TAMS 0x0000000087800000, 0x0000000087800000| Complete 
|  90|0x0000000087800000, 0x0000000087900000, 0x0000000087900000|100%|HC|  |TAMS 0x0000000087900000, 0x0000000087900000| Complete 
|  91|0x0000000087900000, 0x0000000087a00000, 0x0000000087a00000|100%|HS|  |TAMS 0x0000000087a00000, 0x0000000087a00000| Complete 
|  92|0x0000000087a00000, 0x0000000087b00000, 0x0000000087b00000|100%|HC|  |TAMS 0x0000000087b00000, 0x0000000087b00000| Complete 
|  93|0x0000000087b00000, 0x0000000087c00000, 0x0000000087c00000|100%|HC|  |TAMS 0x0000000087c00000, 0x0000000087c00000| Complete 
|  94|0x0000000087c00000, 0x0000000087d00000, 0x0000000087d00000|100%|HC|  |TAMS 0x0000000087d00000, 0x0000000087d00000| Complete 
|  95|0x0000000087d00000, 0x0000000087e00000, 0x0000000087e00000|100%|HC|  |TAMS 0x0000000087e00000, 0x0000000087e00000| Complete 
|  96|0x0000000087e00000, 0x0000000087f00000, 0x0000000087f00000|100%|HC|  |TAMS 0x0000000087f00000, 0x0000000087f00000| Complete 
|  97|0x0000000087f00000, 0x0000000088000000, 0x0000000088000000|100%|HC|  |TAMS 0x0000000088000000, 0x0000000088000000| Complete 
|  98|0x0000000088000000, 0x0000000088100000, 0x0000000088100000|100%|HC|  |TAMS 0x0000000088100000, 0x0000000088100000| Complete 
|  99|0x0000000088100000, 0x0000000088200000, 0x0000000088200000|100%|HS|  |TAMS 0x0000000088200000, 0x0000000088200000| Complete 
| 100|0x0000000088200000, 0x0000000088300000, 0x0000000088300000|100%|HC|  |TAMS 0x0000000088300000, 0x0000000088300000| Complete 
| 101|0x0000000088300000, 0x0000000088400000, 0x0000000088400000|100%|HC|  |TAMS 0x0000000088400000, 0x0000000088400000| Complete 
| 102|0x0000000088400000, 0x0000000088500000, 0x0000000088500000|100%|HC|  |TAMS 0x0000000088500000, 0x0000000088500000| Complete 
| 103|0x0000000088500000, 0x0000000088600000, 0x0000000088600000|100%|HC|  |TAMS 0x0000000088600000, 0x0000000088600000| Complete 
| 104|0x0000000088600000, 0x0000000088700000, 0x0000000088700000|100%|HC|  |TAMS 0x0000000088700000, 0x0000000088700000| Complete 
| 105|0x0000000088700000, 0x0000000088800000, 0x0000000088800000|100%|HC|  |TAMS 0x0000000088800000, 0x0000000088800000| Complete 
| 106|0x0000000088800000, 0x0000000088900000, 0x0000000088900000|100%|HC|  |TAMS 0x0000000088900000, 0x0000000088900000| Complete 
| 107|0x0000000088900000, 0x0000000088a00000, 0x0000000088a00000|100%|HS|  |TAMS 0x0000000088a00000, 0x0000000088a00000| Complete 
| 108|0x0000000088a00000, 0x0000000088b00000, 0x0000000088b00000|100%|HC|  |TAMS 0x0000000088b00000, 0x0000000088b00000| Complete 
| 109|0x0000000088b00000, 0x0000000088c00000, 0x0000000088c00000|100%|HC|  |TAMS 0x0000000088c00000, 0x0000000088c00000| Complete 
| 110|0x0000000088c00000, 0x0000000088d00000, 0x0000000088d00000|100%|HC|  |TAMS 0x0000000088d00000, 0x0000000088d00000| Complete 
| 111|0x0000000088d00000, 0x0000000088e00000, 0x0000000088e00000|100%|HC|  |TAMS 0x0000000088e00000, 0x0000000088e00000| Complete 
| 112|0x0000000088e00000, 0x0000000088f00000, 0x0000000088f00000|100%|HC|  |TAMS 0x0000000088f00000, 0x0000000088f00000| Complete 
| 113|0x0000000088f00000, 0x0000000089000000, 0x0000000089000000|100%|HC|  |TAMS 0x0000000089000000, 0x0000000089000000| Complete 
| 114|0x0000000089000000, 0x0000000089100000, 0x0000000089100000|100%|HC|  |TAMS 0x0000000089100000, 0x0000000089100000| Complete 
| 115|0x0000000089100000, 0x0000000089200000, 0x0000000089200000|100%|HS|  |TAMS 0x0000000089200000, 0x0000000089200000| Complete 
| 116|0x0000000089200000, 0x0000000089300000, 0x0000000089300000|100%|HC|  |TAMS 0x0000000089300000, 0x0000000089300000| Complete 
| 117|0x0000000089300000, 0x0000000089400000, 0x0000000089400000|100%|HC|  |TAMS 0x0000000089400000, 0x0000000089400000| Complete 
| 118|0x0000000089400000, 0x0000000089500000, 0x0000000089500000|100%|HC|  |TAMS 0x0000000089500000, 0x0000000089500000| Complete 
| 119|0x0000000089500000, 0x0000000089600000, 0x0000000089600000|100%|HC|  |TAMS 0x0000000089600000, 0x0000000089600000| Complete 
| 120|0x0000000089600000, 0x0000000089700000, 0x0000000089700000|100%|HC|  |TAMS 0x0000000089700000, 0x0000000089700000| Complete 
| 121|0x0000000089700000, 0x0000000089800000, 0x0000000089800000|100%|HC|  |TAMS 0x0000000089800000, 0x0000000089800000| Complete 
| 122|0x0000000089800000, 0x0000000089900000, 0x0000000089900000|100%|HC|  |TAMS 0x0000000089900000, 0x0000000089900000| Complete 
| 123|0x0000000089900000, 0x0000000089a00000, 0x0000000089a00000|100%|HS|  |TAMS 0x0000000089a00000, 0x0000000089a00000| Complete 
| 124|0x0000000089a00000, 0x0000000089b00000, 0x0000000089b00000|100%|HC|  |TAMS 0x0000000089b00000, 0x0000000089b00000| Complete 
| 125|0x0000000089b00000, 0x0000000089c00000, 0x0000000089c00000|100%|HC|  |TAMS 0x0000000089c00000, 0x0000000089c00000| Complete 
| 126|0x0000000089c00000, 0x0000000089d00000, 0x0000000089d00000|100%|HC|  |TAMS 0x0000000089d00000, 0x0000000089d00000| Complete 
| 127|0x0000000089d00000, 0x0000000089e00000, 0x0000000089e00000|100%|HC|  |TAMS 0x0000000089e00000, 0x0000000089e00000| Complete 
| 128|0x0000000089e00000, 0x0000000089f00000, 0x0000000089f00000|100%|HC|  |TAMS 0x0000000089f00000, 0x0000000089f00000| Complete 
| 129|0x0000000089f00000, 0x000000008a000000, 0x000000008a000000|100%|HC|  |TAMS 0x000000008a000000, 0x000000008a000000| Complete 
| 130|0x000000008a000000, 0x000000008a100000, 0x000000008a100000|100%|HC|  |TAMS 0x000000008a100000, 0x000000008a100000| Complete 
| 131|0x000000008a100000, 0x000000008a200000, 0x000000008a200000|100%|HS|  |TAMS 0x000000008a200000, 0x000000008a200000| Complete 
| 132|0x000000008a200000, 0x000000008a300000, 0x000000008a300000|100%|HC|  |TAMS 0x000000008a300000, 0x000000008a300000| Complete 
| 133|0x000000008a300000, 0x000000008a400000, 0x000000008a400000|100%|HC|  |TAMS 0x000000008a400000, 0x000000008a400000| Complete 
| 134|0x000000008a400000, 0x000000008a500000, 0x000000008a500000|100%|HC|  |TAMS 0x000000008a500000, 0x000000008a500000| Complete 
| 135|0x000000008a500000, 0x000000008a600000, 0x000000008a600000|100%|HC|  |TAMS 0x000000008a600000, 0x000000008a600000| Complete 
| 136|0x000000008a600000, 0x000000008a700000, 0x000000008a700000|100%|HC|  |TAMS 0x000000008a700000, 0x000000008a700000| Complete 
| 137|0x000000008a700000, 0x000000008a800000, 0x000000008a800000|100%|HC|  |TAMS 0x000000008a800000, 0x000000008a800000| Complete 
| 138|0x000000008a800000, 0x000000008a900000, 0x000000008a900000|100%|HC|  |TAMS 0x000000008a900000, 0x000000008a900000| Complete 
| 139|0x000000008a900000, 0x000000008aa00000, 0x000000008aa00000|100%|HS|  |TAMS 0x000000008aa00000, 0x000000008aa00000| Complete 
| 140|0x000000008aa00000, 0x000000008ab00000, 0x000000008ab00000|100%|HC|  |TAMS 0x000000008ab00000, 0x000000008ab00000| Complete 
| 141|0x000000008ab00000, 0x000000008ac00000, 0x000000008ac00000|100%|HC|  |TAMS 0x000000008ac00000, 0x000000008ac00000| Complete 
| 142|0x000000008ac00000, 0x000000008ad00000, 0x000000008ad00000|100%|HC|  |TAMS 0x000000008ad00000, 0x000000008ad00000| Complete 
| 143|0x000000008ad00000, 0x000000008ae00000, 0x000000008ae00000|100%|HC|  |TAMS 0x000000008ae00000, 0x000000008ae00000| Complete 
| 144|0x000000008ae00000, 0x000000008af00000, 0x000000008af00000|100%|HC|  |TAMS 0x000000008af00000, 0x000000008af00000| Complete 
| 145|0x000000008af00000, 0x000000008b000000, 0x000000008b000000|100%|HC|  |TAMS 0x000000008b000000, 0x000000008b000000| Complete 
| 146|0x000000008b000000, 0x000000008b100000, 0x000000008b100000|100%|HC|  |TAMS 0x000000008b100000, 0x000000008b100000| Complete 
| 147|0x000000008b100000, 0x000000008b200000, 0x000000008b200000|100%|HS|  |TAMS 0x000000008b200000, 0x000000008b200000| Complete 
| 148|0x000000008b200000, 0x000000008b300000, 0x000000008b300000|100%|HC|  |TAMS 0x000000008b300000, 0x000000008b300000| Complete 
| 149|0x000000008b300000, 0x000000008b400000, 0x000000008b400000|100%|HS|  |TAMS 0x000000008b400000, 0x000000008b400000| Complete 
| 150|0x000000008b400000, 0x000000008b500000, 0x000000008b500000|100%|HC|  |TAMS 0x000000008b500000, 0x000000008b500000| Complete 
| 151|0x000000008b500000, 0x000000008b600000, 0x000000008b600000|100%|HS|  |TAMS 0x000000008b600000, 0x000000008b600000| Complete 
| 152|0x000000008b600000, 0x000000008b700000, 0x000000008b700000|100%|HC|  |TAMS 0x000000008b700000, 0x000000008b700000| Complete 
| 153|0x000000008b700000, 0x000000008b800000, 0x000000008b800000|100%|HS|  |TAMS 0x000000008b800000, 0x000000008b800000| Complete 
| 154|0x000000008b800000, 0x000000008b900000, 0x000000008b900000|100%|HC|  |TAMS 0x000000008b900000, 0x000000008b900000| Complete 
| 155|0x000000008b900000, 0x000000008ba00000, 0x000000008ba00000|100%|HS|  |TAMS 0x000000008ba00000, 0x000000008ba00000| Complete 
| 156|0x000000008ba00000, 0x000000008bb00000, 0x000000008bb00000|100%|HC|  |TAMS 0x000000008bb00000, 0x000000008bb00000| Complete 
| 157|0x000000008bb00000, 0x000000008bc00000, 0x000000008bc00000|100%|HS|  |TAMS 0x000000008bc00000, 0x000000008bc00000| Complete 
| 158|0x000000008bc00000, 0x000000008bd00000, 0x000000008bd00000|100%|HC|  |TAMS 0x000000008bd00000, 0x000000008bd00000| Complete 
| 159|0x000000008bd00000, 0x000000008be00000, 0x000000008be00000|100%|HS|  |TAMS 0x000000008be00000, 0x000000008be00000| Complete 
| 160|0x000000008be00000, 0x000000008bf00000, 0x000000008bf00000|100%|HC|  |TAMS 0x000000008bf00000, 0x000000008bf00000| Complete 
| 161|0x000000008bf00000, 0x000000008c000000, 0x000000008c000000|100%|HS|  |TAMS 0x000000008c000000, 0x000000008c000000| Complete 
| 162|0x000000008c000000, 0x000000008c100000, 0x000000008c100000|100%|HC|  |TAMS 0x000000008c100000, 0x000000008c100000| Complete 
| 163|0x000000008c100000, 0x000000008c200000, 0x000000008c200000|100%|HS|  |TAMS 0x000000008c200000, 0x000000008c200000| Complete 
| 164|0x000000008c200000, 0x000000008c300000, 0x000000008c300000|100%|HC|  |TAMS 0x000000008c300000, 0x000000008c300000| Complete 
| 165|0x000000008c300000, 0x000000008c400000, 0x000000008c400000|100%|HS|  |TAMS 0x000000008c400000, 0x000000008c400000| Complete 
| 166|0x000000008c400000, 0x000000008c500000, 0x000000008c500000|100%|HC|  |TAMS 0x000000008c500000, 0x000000008c500000| Complete 
| 167|0x000000008c500000, 0x000000008c600000, 0x000000008c600000|100%|HS|  |TAMS 0x000000008c600000, 0x000000008c600000| Complete 
| 168|0x000000008c600000, 0x000000008c700000, 0x000000008c700000|100%|HC|  |TAMS 0x000000008c700000, 0x000000008c700000| Complete 
| 169|0x000000008c700000, 0x000000008c800000, 0x000000008c800000|100%|HS|  |TAMS 0x000000008c800000, 0x000000008c800000| Complete 
| 170|0x000000008c800000, 0x000000008c900000, 0x000000008c900000|100%|HC|  |TAMS 0x000000008c900000, 0x000000008c900000| Complete 
| 171|0x000000008c900000, 0x000000008ca00000, 0x000000008ca00000|100%|HS|  |TAMS 0x000000008ca00000, 0x000000008ca00000| Complete 
| 172|0x000000008ca00000, 0x000000008cb00000, 0x000000008cb00000|100%|HC|  |TAMS 0x000000008cb00000, 0x000000008cb00000| Complete 
| 173|0x000000008cb00000, 0x000000008cc00000, 0x000000008cc00000|100%|HS|  |TAMS 0x000000008cc00000, 0x000000008cc00000| Complete 
| 174|0x000000008cc00000, 0x000000008cd00000, 0x000000008cd00000|100%|HC|  |TAMS 0x000000008cd00000, 0x000000008cd00000| Complete 
| 175|0x000000008cd00000, 0x000000008ce00000, 0x000000008ce00000|100%|HS|  |TAMS 0x000000008ce00000, 0x000000008ce00000| Complete 
| 176|0x000000008ce00000, 0x000000008cf00000, 0x000000008cf00000|100%|HC|  |TAMS 0x000000008cf00000, 0x000000008cf00000| Complete 
| 177|0x000000008cf00000, 0x000000008d000000, 0x000000008d000000|100%|HS|  |TAMS 0x000000008d000000, 0x000000008d000000| Complete 
| 178|0x000000008d000000, 0x000000008d100000, 0x000000008d100000|100%|HC|  |TAMS 0x000000008d100000, 0x000000008d100000| Complete 
| 179|0x000000008d100000, 0x000000008d200000, 0x000000008d200000|100%|HS|  |TAMS 0x000000008d200000, 0x000000008d200000| Complete 
| 180|0x000000008d200000, 0x000000008d300000, 0x000000008d300000|100%|HC|  |TAMS 0x000000008d300000, 0x000000008d300000| Complete 
| 181|0x000000008d300000, 0x000000008d400000, 0x000000008d400000|100%|HS|  |TAMS 0x000000008d400000, 0x000000008d400000| Complete 
| 182|0x000000008d400000, 0x000000008d500000, 0x000000008d500000|100%|HC|  |TAMS 0x000000008d500000, 0x000000008d500000| Complete 
| 183|0x000000008d500000, 0x000000008d600000, 0x000000008d600000|100%|HS|  |TAMS 0x000000008d600000, 0x000000008d600000| Complete 
| 184|0x000000008d600000, 0x000000008d700000, 0x000000008d700000|100%|HC|  |TAMS 0x000000008d700000, 0x000000008d700000| Complete 
| 185|0x000000008d700000, 0x000000008d800000, 0x000000008d800000|100%|HS|  |TAMS 0x000000008d800000, 0x000000008d800000| Complete 
| 186|0x000000008d800000, 0x000000008d900000, 0x000000008d900000|100%|HC|  |TAMS 0x000000008d900000, 0x000000008d900000| Complete 
| 187|0x000000008d900000, 0x000000008da00000, 0x000000008da00000|100%|HS|  |TAMS 0x000000008da00000, 0x000000008da00000| Complete 
| 188|0x000000008da00000, 0x000000008db00000, 0x000000008db00000|100%|HC|  |TAMS 0x000000008db00000, 0x000000008db00000| Complete 
| 189|0x000000008db00000, 0x000000008dc00000, 0x000000008dc00000|100%|HS|  |TAMS 0x000000008dc00000, 0x000000008dc00000| Complete 
| 190|0x000000008dc00000, 0x000000008dd00000, 0x000000008dd00000|100%|HC|  |TAMS 0x000000008dd00000, 0x000000008dd00000| Complete 
| 191|0x000000008dd00000, 0x000000008de00000, 0x000000008de00000|100%|HS|  |TAMS 0x000000008de00000, 0x000000008de00000| Complete 
| 192|0x000000008de00000, 0x000000008df00000, 0x000000008df00000|100%|HC|  |TAMS 0x000000008df00000, 0x000000008df00000| Complete 
| 193|0x000000008df00000, 0x000000008e000000, 0x000000008e000000|100%|HS|  |TAMS 0x000000008e000000, 0x000000008e000000| Complete 
| 194|0x000000008e000000, 0x000000008e100000, 0x000000008e100000|100%|HC|  |TAMS 0x000000008e100000, 0x000000008e100000| Complete 
| 195|0x000000008e100000, 0x000000008e200000, 0x000000008e200000|100%|HS|  |TAMS 0x000000008e200000, 0x000000008e200000| Complete 
| 196|0x000000008e200000, 0x000000008e300000, 0x000000008e300000|100%|HC|  |TAMS 0x000000008e300000, 0x000000008e300000| Complete 
| 197|0x000000008e300000, 0x000000008e400000, 0x000000008e400000|100%|HS|  |TAMS 0x000000008e400000, 0x000000008e400000| Complete 
| 198|0x000000008e400000, 0x000000008e500000, 0x000000008e500000|100%|HC|  |TAMS 0x000000008e500000, 0x000000008e500000| Complete 
| 199|0x000000008e500000, 0x000000008e600000, 0x000000008e600000|100%|HS|  |TAMS 0x000000008e600000, 0x000000008e600000| Complete 
| 200|0x000000008e600000, 0x000000008e700000, 0x000000008e700000|100%|HC|  |TAMS 0x000000008e700000, 0x000000008e700000| Complete 
| 201|0x000000008e700000, 0x000000008e800000, 0x000000008e800000|100%|HS|  |TAMS 0x000000008e700000, 0x000000008e800000| Complete 
| 202|0x000000008e800000, 0x000000008e900000, 0x000000008e900000|100%|HC|  |TAMS 0x000000008e800000, 0x000000008e900000| Complete 
| 203|0x000000008e900000, 0x000000008ea00000, 0x000000008ea00000|100%|HS|  |TAMS 0x000000008e900000, 0x000000008ea00000| Complete 
| 204|0x000000008ea00000, 0x000000008eb00000, 0x000000008eb00000|100%|HC|  |TAMS 0x000000008ea00000, 0x000000008eb00000| Complete 
| 205|0x000000008eb00000, 0x000000008ec00000, 0x000000008ec00000|100%|HS|  |TAMS 0x000000008eb00000, 0x000000008ec00000| Complete 
| 206|0x000000008ec00000, 0x000000008ed00000, 0x000000008ed00000|100%|HC|  |TAMS 0x000000008ec00000, 0x000000008ed00000| Complete 
| 207|0x000000008ed00000, 0x000000008ee00000, 0x000000008ee00000|100%|HS|  |TAMS 0x000000008ed00000, 0x000000008ee00000| Complete 
| 208|0x000000008ee00000, 0x000000008ef00000, 0x000000008ef00000|100%|HC|  |TAMS 0x000000008ee00000, 0x000000008ef00000| Complete 
| 209|0x000000008ef00000, 0x000000008f000000, 0x000000008f000000|100%|HS|  |TAMS 0x000000008ef00000, 0x000000008f000000| Complete 
| 210|0x000000008f000000, 0x000000008f100000, 0x000000008f100000|100%|HC|  |TAMS 0x000000008f000000, 0x000000008f100000| Complete 
| 211|0x000000008f100000, 0x000000008f200000, 0x000000008f200000|100%|HS|  |TAMS 0x000000008f100000, 0x000000008f200000| Complete 
| 212|0x000000008f200000, 0x000000008f300000, 0x000000008f300000|100%|HC|  |TAMS 0x000000008f200000, 0x000000008f300000| Complete 
| 213|0x000000008f300000, 0x000000008f400000, 0x000000008f400000|100%|HS|  |TAMS 0x000000008f300000, 0x000000008f400000| Complete 
| 214|0x000000008f400000, 0x000000008f500000, 0x000000008f500000|100%|HC|  |TAMS 0x000000008f400000, 0x000000008f500000| Complete 
| 215|0x000000008f500000, 0x000000008f600000, 0x000000008f600000|100%|HC|  |TAMS 0x000000008f500000, 0x000000008f600000| Complete 
| 216|0x000000008f600000, 0x000000008f700000, 0x000000008f700000|100%|HC|  |TAMS 0x000000008f600000, 0x000000008f700000| Complete 
| 217|0x000000008f700000, 0x000000008f800000, 0x000000008f800000|100%|HC|  |TAMS 0x000000008f700000, 0x000000008f800000| Complete 
| 218|0x000000008f800000, 0x000000008f900000, 0x000000008f900000|100%|HC|  |TAMS 0x000000008f800000, 0x000000008f900000| Complete 
| 219|0x000000008f900000, 0x000000008fa00000, 0x000000008fa00000|100%|HC|  |TAMS 0x000000008f900000, 0x000000008fa00000| Complete 
| 220|0x000000008fa00000, 0x000000008fb00000, 0x000000008fb00000|100%|HC|  |TAMS 0x000000008fa00000, 0x000000008fb00000| Complete 
| 221|0x000000008fb00000, 0x000000008fc00000, 0x000000008fc00000|100%|HS|  |TAMS 0x000000008fb00000, 0x000000008fc00000| Complete 
| 222|0x000000008fc00000, 0x000000008fd00000, 0x000000008fd00000|100%|HC|  |TAMS 0x000000008fc00000, 0x000000008fd00000| Complete 
| 223|0x000000008fd00000, 0x000000008fe00000, 0x000000008fe00000|100%|HC|  |TAMS 0x000000008fd00000, 0x000000008fe00000| Complete 
| 224|0x000000008fe00000, 0x000000008ff00000, 0x000000008ff00000|100%|HC|  |TAMS 0x000000008fe00000, 0x000000008ff00000| Complete 
| 225|0x000000008ff00000, 0x0000000090000000, 0x0000000090000000|100%|HC|  |TAMS 0x000000008ff00000, 0x0000000090000000| Complete 
| 226|0x0000000090000000, 0x0000000090100000, 0x0000000090100000|100%|HC|  |TAMS 0x0000000090000000, 0x0000000090100000| Complete 
| 227|0x0000000090100000, 0x0000000090200000, 0x0000000090200000|100%|HC|  |TAMS 0x0000000090100000, 0x0000000090200000| Complete 
| 228|0x0000000090200000, 0x0000000090300000, 0x0000000090300000|100%|HC|  |TAMS 0x0000000090200000, 0x0000000090300000| Complete 
| 229|0x0000000090300000, 0x0000000090400000, 0x0000000090400000|100%|HS|  |TAMS 0x0000000090300000, 0x0000000090400000| Complete 
| 230|0x0000000090400000, 0x0000000090500000, 0x0000000090500000|100%|HC|  |TAMS 0x0000000090400000, 0x0000000090500000| Complete 
| 231|0x0000000090500000, 0x0000000090600000, 0x0000000090600000|100%|HC|  |TAMS 0x0000000090500000, 0x0000000090600000| Complete 
| 232|0x0000000090600000, 0x0000000090700000, 0x0000000090700000|100%|HC|  |TAMS 0x0000000090600000, 0x0000000090700000| Complete 
| 233|0x0000000090700000, 0x0000000090800000, 0x0000000090800000|100%|HC|  |TAMS 0x0000000090700000, 0x0000000090800000| Complete 
| 234|0x0000000090800000, 0x0000000090900000, 0x0000000090900000|100%|HC|  |TAMS 0x0000000090800000, 0x0000000090900000| Complete 
| 235|0x0000000090900000, 0x0000000090a00000, 0x0000000090a00000|100%|HC|  |TAMS 0x0000000090900000, 0x0000000090a00000| Complete 
| 236|0x0000000090a00000, 0x0000000090b00000, 0x0000000090b00000|100%|HC|  |TAMS 0x0000000090a00000, 0x0000000090b00000| Complete 
| 237|0x0000000090b00000, 0x0000000090c00000, 0x0000000090c00000|100%|HS|  |TAMS 0x0000000090b00000, 0x0000000090c00000| Complete 
| 238|0x0000000090c00000, 0x0000000090d00000, 0x0000000090d00000|100%|HC|  |TAMS 0x0000000090c00000, 0x0000000090d00000| Complete 
| 239|0x0000000090d00000, 0x0000000090e00000, 0x0000000090e00000|100%|HC|  |TAMS 0x0000000090d00000, 0x0000000090e00000| Complete 
| 240|0x0000000090e00000, 0x0000000090f00000, 0x0000000090f00000|100%|HC|  |TAMS 0x0000000090e00000, 0x0000000090f00000| Complete 
| 241|0x0000000090f00000, 0x0000000091000000, 0x0000000091000000|100%|HC|  |TAMS 0x0000000090f00000, 0x0000000091000000| Complete 
| 242|0x0000000091000000, 0x0000000091100000, 0x0000000091100000|100%|HC|  |TAMS 0x0000000091000000, 0x0000000091100000| Complete 
| 243|0x0000000091100000, 0x0000000091200000, 0x0000000091200000|100%|HC|  |TAMS 0x0000000091100000, 0x0000000091200000| Complete 
| 244|0x0000000091200000, 0x0000000091300000, 0x0000000091300000|100%|HC|  |TAMS 0x0000000091200000, 0x0000000091300000| Complete 
| 245|0x0000000091300000, 0x0000000091400000, 0x0000000091400000|100%|HS|  |TAMS 0x0000000091300000, 0x0000000091400000| Complete 
| 246|0x0000000091400000, 0x0000000091500000, 0x0000000091500000|100%|HC|  |TAMS 0x0000000091400000, 0x0000000091500000| Complete 
| 247|0x0000000091500000, 0x0000000091600000, 0x0000000091600000|100%|HC|  |TAMS 0x0000000091500000, 0x0000000091600000| Complete 
| 248|0x0000000091600000, 0x0000000091700000, 0x0000000091700000|100%|HC|  |TAMS 0x0000000091600000, 0x0000000091700000| Complete 
| 249|0x0000000091700000, 0x0000000091800000, 0x0000000091800000|100%|HC|  |TAMS 0x0000000091700000, 0x0000000091800000| Complete 
| 250|0x0000000091800000, 0x0000000091900000, 0x0000000091900000|100%|HC|  |TAMS 0x0000000091800000, 0x0000000091900000| Complete 
| 251|0x0000000091900000, 0x0000000091a00000, 0x0000000091a00000|100%|HC|  |TAMS 0x0000000091900000, 0x0000000091a00000| Complete 
| 252|0x0000000091a00000, 0x0000000091b00000, 0x0000000091b00000|100%|HC|  |TAMS 0x0000000091a00000, 0x0000000091b00000| Complete 
| 253|0x0000000091b00000, 0x0000000091c00000, 0x0000000091c00000|100%|HS|  |TAMS 0x0000000091b00000, 0x0000000091c00000| Complete 
| 254|0x0000000091c00000, 0x0000000091d00000, 0x0000000091d00000|100%|HC|  |TAMS 0x0000000091c00000, 0x0000000091d00000| Complete 
| 255|0x0000000091d00000, 0x0000000091e00000, 0x0000000091e00000|100%|HC|  |TAMS 0x0000000091d00000, 0x0000000091e00000| Complete 
| 256|0x0000000091e00000, 0x0000000091f00000, 0x0000000091f00000|100%|HC|  |TAMS 0x0000000091e00000, 0x0000000091f00000| Complete 
| 257|0x0000000091f00000, 0x0000000092000000, 0x0000000092000000|100%|HC|  |TAMS 0x0000000091f00000, 0x0000000092000000| Complete 
| 258|0x0000000092000000, 0x0000000092100000, 0x0000000092100000|100%|HC|  |TAMS 0x0000000092000000, 0x0000000092100000| Complete 
| 259|0x0000000092100000, 0x0000000092200000, 0x0000000092200000|100%|HC|  |TAMS 0x0000000092100000, 0x0000000092200000| Complete 
| 260|0x0000000092200000, 0x0000000092300000, 0x0000000092300000|100%|HC|  |TAMS 0x0000000092200000, 0x0000000092300000| Complete 
| 261|0x0000000092300000, 0x0000000092400000, 0x0000000092400000|100%|HS|  |TAMS 0x0000000092300000, 0x0000000092400000| Complete 
| 262|0x0000000092400000, 0x0000000092500000, 0x0000000092500000|100%|HC|  |TAMS 0x0000000092400000, 0x0000000092500000| Complete 
| 263|0x0000000092500000, 0x0000000092600000, 0x0000000092600000|100%|HC|  |TAMS 0x0000000092500000, 0x0000000092600000| Complete 
| 264|0x0000000092600000, 0x0000000092700000, 0x0000000092700000|100%|HC|  |TAMS 0x0000000092600000, 0x0000000092700000| Complete 
| 265|0x0000000092700000, 0x0000000092800000, 0x0000000092800000|100%|HC|  |TAMS 0x0000000092700000, 0x0000000092800000| Complete 
| 266|0x0000000092800000, 0x0000000092900000, 0x0000000092900000|100%|HC|  |TAMS 0x0000000092800000, 0x0000000092900000| Complete 
| 267|0x0000000092900000, 0x0000000092a00000, 0x0000000092a00000|100%|HC|  |TAMS 0x0000000092900000, 0x0000000092a00000| Complete 
| 268|0x0000000092a00000, 0x0000000092b00000, 0x0000000092b00000|100%|HC|  |TAMS 0x0000000092a00000, 0x0000000092b00000| Complete 
| 269|0x0000000092b00000, 0x0000000092c00000, 0x0000000092c00000|100%|HS|  |TAMS 0x0000000092b00000, 0x0000000092c00000| Complete 
| 270|0x0000000092c00000, 0x0000000092d00000, 0x0000000092d00000|100%|HC|  |TAMS 0x0000000092c00000, 0x0000000092d00000| Complete 
| 271|0x0000000092d00000, 0x0000000092e00000, 0x0000000092e00000|100%|HC|  |TAMS 0x0000000092d00000, 0x0000000092e00000| Complete 
| 272|0x0000000092e00000, 0x0000000092f00000, 0x0000000092f00000|100%|HC|  |TAMS 0x0000000092e00000, 0x0000000092f00000| Complete 
| 273|0x0000000092f00000, 0x0000000093000000, 0x0000000093000000|100%|HC|  |TAMS 0x0000000092f00000, 0x0000000093000000| Complete 
| 274|0x0000000093000000, 0x0000000093100000, 0x0000000093100000|100%|HC|  |TAMS 0x0000000093000000, 0x0000000093100000| Complete 
| 275|0x0000000093100000, 0x0000000093200000, 0x0000000093200000|100%|HC|  |TAMS 0x0000000093100000, 0x0000000093200000| Complete 
| 276|0x0000000093200000, 0x0000000093300000, 0x0000000093300000|100%|HC|  |TAMS 0x0000000093200000, 0x0000000093300000| Complete 
| 277|0x0000000093300000, 0x0000000093400000, 0x0000000093400000|100%|HS|  |TAMS 0x0000000093300000, 0x0000000093400000| Complete 
| 278|0x0000000093400000, 0x0000000093500000, 0x0000000093500000|100%|HC|  |TAMS 0x0000000093400000, 0x0000000093500000| Complete 
| 279|0x0000000093500000, 0x0000000093600000, 0x0000000093600000|100%|HS|  |TAMS 0x0000000093500000, 0x0000000093600000| Complete 
| 280|0x0000000093600000, 0x0000000093700000, 0x0000000093700000|100%|HC|  |TAMS 0x0000000093600000, 0x0000000093700000| Complete 
| 281|0x0000000093700000, 0x0000000093800000, 0x0000000093800000|100%|HS|  |TAMS 0x0000000093700000, 0x0000000093800000| Complete 
| 282|0x0000000093800000, 0x0000000093900000, 0x0000000093900000|100%|HC|  |TAMS 0x0000000093800000, 0x0000000093900000| Complete 
| 283|0x0000000093900000, 0x0000000093a00000, 0x0000000093a00000|100%|HS|  |TAMS 0x0000000093900000, 0x0000000093a00000| Complete 
| 284|0x0000000093a00000, 0x0000000093b00000, 0x0000000093b00000|100%|HC|  |TAMS 0x0000000093a00000, 0x0000000093b00000| Complete 
| 285|0x0000000093b00000, 0x0000000093c00000, 0x0000000093c00000|100%|HS|  |TAMS 0x0000000093b00000, 0x0000000093c00000| Complete 
| 286|0x0000000093c00000, 0x0000000093d00000, 0x0000000093d00000|100%|HC|  |TAMS 0x0000000093c00000, 0x0000000093d00000| Complete 
| 287|0x0000000093d00000, 0x0000000093e00000, 0x0000000093e00000|100%|HS|  |TAMS 0x0000000093d00000, 0x0000000093e00000| Complete 
| 288|0x0000000093e00000, 0x0000000093f00000, 0x0000000093f00000|100%|HC|  |TAMS 0x0000000093e00000, 0x0000000093f00000| Complete 
| 289|0x0000000093f00000, 0x0000000094000000, 0x0000000094000000|100%|HS|  |TAMS 0x0000000093f00000, 0x0000000094000000| Complete 
| 290|0x0000000094000000, 0x0000000094100000, 0x0000000094100000|100%|HC|  |TAMS 0x0000000094000000, 0x0000000094100000| Complete 
| 291|0x0000000094100000, 0x0000000094200000, 0x0000000094200000|100%|HS|  |TAMS 0x0000000094100000, 0x0000000094200000| Complete 
| 292|0x0000000094200000, 0x0000000094300000, 0x0000000094300000|100%|HC|  |TAMS 0x0000000094200000, 0x0000000094300000| Complete 
| 293|0x0000000094300000, 0x0000000094400000, 0x0000000094400000|100%|HS|  |TAMS 0x0000000094300000, 0x0000000094400000| Complete 
| 294|0x0000000094400000, 0x0000000094500000, 0x0000000094500000|100%|HC|  |TAMS 0x0000000094400000, 0x0000000094500000| Complete 
| 295|0x0000000094500000, 0x0000000094600000, 0x0000000094600000|100%|HS|  |TAMS 0x0000000094500000, 0x0000000094600000| Complete 
| 296|0x0000000094600000, 0x0000000094700000, 0x0000000094700000|100%|HC|  |TAMS 0x0000000094600000, 0x0000000094700000| Complete 
| 297|0x0000000094700000, 0x0000000094800000, 0x0000000094800000|100%|HS|  |TAMS 0x0000000094700000, 0x0000000094800000| Complete 
| 298|0x0000000094800000, 0x0000000094900000, 0x0000000094900000|100%|HC|  |TAMS 0x0000000094800000, 0x0000000094900000| Complete 
| 299|0x0000000094900000, 0x0000000094a00000, 0x0000000094a00000|100%|HS|  |TAMS 0x0000000094900000, 0x0000000094a00000| Complete 
| 300|0x0000000094a00000, 0x0000000094b00000, 0x0000000094b00000|100%|HC|  |TAMS 0x0000000094a00000, 0x0000000094b00000| Complete 
| 301|0x0000000094b00000, 0x0000000094c00000, 0x0000000094c00000|100%|HS|  |TAMS 0x0000000094b00000, 0x0000000094c00000| Complete 
| 302|0x0000000094c00000, 0x0000000094d00000, 0x0000000094d00000|100%|HC|  |TAMS 0x0000000094c00000, 0x0000000094d00000| Complete 
| 303|0x0000000094d00000, 0x0000000094e00000, 0x0000000094e00000|100%|HS|  |TAMS 0x0000000094d00000, 0x0000000094e00000| Complete 
| 304|0x0000000094e00000, 0x0000000094f00000, 0x0000000094f00000|100%|HC|  |TAMS 0x0000000094e00000, 0x0000000094f00000| Complete 
| 305|0x0000000094f00000, 0x0000000095000000, 0x0000000095000000|100%|HS|  |TAMS 0x0000000094f00000, 0x0000000095000000| Complete 
| 306|0x0000000095000000, 0x0000000095100000, 0x0000000095100000|100%|HC|  |TAMS 0x0000000095000000, 0x0000000095100000| Complete 
| 307|0x0000000095100000, 0x0000000095200000, 0x0000000095200000|100%|HS|  |TAMS 0x0000000095100000, 0x0000000095200000| Complete 
| 308|0x0000000095200000, 0x0000000095300000, 0x0000000095300000|100%|HC|  |TAMS 0x0000000095200000, 0x0000000095300000| Complete 
| 309|0x0000000095300000, 0x0000000095400000, 0x0000000095400000|100%|HS|  |TAMS 0x0000000095300000, 0x0000000095400000| Complete 
| 310|0x0000000095400000, 0x0000000095500000, 0x0000000095500000|100%|HC|  |TAMS 0x0000000095400000, 0x0000000095500000| Complete 
| 311|0x0000000095500000, 0x0000000095600000, 0x0000000095600000|100%|HS|  |TAMS 0x0000000095500000, 0x0000000095600000| Complete 
| 312|0x0000000095600000, 0x0000000095700000, 0x0000000095700000|100%|HC|  |TAMS 0x0000000095600000, 0x0000000095700000| Complete 
| 313|0x0000000095700000, 0x0000000095800000, 0x0000000095800000|100%|HS|  |TAMS 0x0000000095700000, 0x0000000095800000| Complete 
| 314|0x0000000095800000, 0x0000000095900000, 0x0000000095900000|100%|HC|  |TAMS 0x0000000095800000, 0x0000000095900000| Complete 
| 315|0x0000000095900000, 0x0000000095a00000, 0x0000000095a00000|100%|HS|  |TAMS 0x0000000095900000, 0x0000000095a00000| Complete 
| 316|0x0000000095a00000, 0x0000000095b00000, 0x0000000095b00000|100%|HC|  |TAMS 0x0000000095a00000, 0x0000000095b00000| Complete 
| 317|0x0000000095b00000, 0x0000000095c00000, 0x0000000095c00000|100%|HS|  |TAMS 0x0000000095b00000, 0x0000000095c00000| Complete 
| 318|0x0000000095c00000, 0x0000000095d00000, 0x0000000095d00000|100%|HC|  |TAMS 0x0000000095c00000, 0x0000000095d00000| Complete 
| 319|0x0000000095d00000, 0x0000000095e00000, 0x0000000095e00000|100%|HS|  |TAMS 0x0000000095d00000, 0x0000000095e00000| Complete 
| 320|0x0000000095e00000, 0x0000000095f00000, 0x0000000095f00000|100%|HC|  |TAMS 0x0000000095e00000, 0x0000000095f00000| Complete 
| 321|0x0000000095f00000, 0x0000000096000000, 0x0000000096000000|100%|HS|  |TAMS 0x0000000095f00000, 0x0000000096000000| Complete 
| 322|0x0000000096000000, 0x0000000096100000, 0x0000000096100000|100%|HC|  |TAMS 0x0000000096000000, 0x0000000096100000| Complete 
| 323|0x0000000096100000, 0x0000000096200000, 0x0000000096200000|100%|HS|  |TAMS 0x0000000096100000, 0x0000000096200000| Complete 
| 324|0x0000000096200000, 0x0000000096300000, 0x0000000096300000|100%|HC|  |TAMS 0x0000000096200000, 0x0000000096300000| Complete 
| 325|0x0000000096300000, 0x0000000096400000, 0x0000000096400000|100%|HS|  |TAMS 0x0000000096300000, 0x0000000096400000| Complete 
| 326|0x0000000096400000, 0x0000000096500000, 0x0000000096500000|100%|HC|  |TAMS 0x0000000096400000, 0x0000000096500000| Complete 
| 327|0x0000000096500000, 0x0000000096600000, 0x0000000096600000|100%|HS|  |TAMS 0x0000000096500000, 0x0000000096600000| Complete 
| 328|0x0000000096600000, 0x0000000096700000, 0x0000000096700000|100%|HC|  |TAMS 0x0000000096600000, 0x0000000096700000| Complete 
| 329|0x0000000096700000, 0x0000000096800000, 0x0000000096800000|100%| S|CS|TAMS 0x0000000096700000, 0x0000000096700000| Complete 
| 330|0x0000000096800000, 0x0000000096800000, 0x0000000096900000|  0%| F|  |TAMS 0x0000000096800000, 0x0000000096800000| Untracked 
| 331|0x0000000096900000, 0x0000000096900000, 0x0000000096a00000|  0%| F|  |TAMS 0x0000000096900000, 0x0000000096900000| Untracked 
| 332|0x0000000096a00000, 0x0000000096a00000, 0x0000000096b00000|  0%| F|  |TAMS 0x0000000096a00000, 0x0000000096a00000| Untracked 
| 333|0x0000000096b00000, 0x0000000096b00000, 0x0000000096c00000|  0%| F|  |TAMS 0x0000000096b00000, 0x0000000096b00000| Untracked 
| 334|0x0000000096c00000, 0x0000000096d00000, 0x0000000096d00000|100%|HS|  |TAMS 0x0000000096c00000, 0x0000000096d00000| Complete 
| 335|0x0000000096d00000, 0x0000000096e00000, 0x0000000096e00000|100%|HC|  |TAMS 0x0000000096d00000, 0x0000000096e00000| Complete 
| 336|0x0000000096e00000, 0x0000000096e00000, 0x0000000096f00000|  0%| F|  |TAMS 0x0000000096e00000, 0x0000000096e00000| Untracked 
| 337|0x0000000096f00000, 0x0000000096f00000, 0x0000000097000000|  0%| F|  |TAMS 0x0000000096f00000, 0x0000000096f00000| Untracked 
| 338|0x0000000097000000, 0x0000000097000000, 0x0000000097100000|  0%| F|  |TAMS 0x0000000097000000, 0x0000000097000000| Untracked 
| 339|0x0000000097100000, 0x0000000097100000, 0x0000000097200000|  0%| F|  |TAMS 0x0000000097100000, 0x0000000097100000| Untracked 
| 340|0x0000000097200000, 0x0000000097200000, 0x0000000097300000|  0%| F|  |TAMS 0x0000000097200000, 0x0000000097200000| Untracked 
| 341|0x0000000097300000, 0x0000000097300000, 0x0000000097400000|  0%| F|  |TAMS 0x0000000097300000, 0x0000000097300000| Untracked 
| 342|0x0000000097400000, 0x0000000097400000, 0x0000000097500000|  0%| F|  |TAMS 0x0000000097400000, 0x0000000097400000| Untracked 
| 343|0x0000000097500000, 0x0000000097600000, 0x0000000097600000|100%| O|  |TAMS 0x0000000097500000, 0x0000000097600000| Untracked 
| 344|0x0000000097600000, 0x0000000097700000, 0x0000000097700000|100%| O|  |TAMS 0x0000000097600000, 0x0000000097700000| Untracked 
| 345|0x0000000097700000, 0x0000000097800000, 0x0000000097800000|100%| O|  |TAMS 0x0000000097700000, 0x0000000097800000| Untracked 
| 346|0x0000000097800000, 0x0000000097864600, 0x0000000097900000| 39%| O|  |TAMS 0x0000000097800000, 0x0000000097864600| Untracked 
| 347|0x0000000097900000, 0x0000000097900000, 0x0000000097a00000|  0%| F|  |TAMS 0x0000000097900000, 0x0000000097900000| Untracked 
| 348|0x0000000097a00000, 0x0000000097a73530, 0x0000000097b00000| 45%| E|  |TAMS 0x0000000097a00000, 0x0000000097a00000| Complete 

Card table byte_map: [0x000002be3c5e0000,0x000002be3c9e0000] _byte_map_base: 0x000002be3c1d1000

Marking Bits (Prev, Next): (CMBitMap*) 0x000002be29747ba0, (CMBitMap*) 0x000002be29747be0
 Prev Bits: [0x000002be3cde0000, 0x000002be3ed68000)
 Next Bits: [0x000002be3ed70000, 0x000002be40cf8000)

Polling page: 0x000002be28ea0000

Metaspace:

Usage:
  Non-class:     33.00 MB used.
      Class:      4.87 MB used.
       Both:     37.87 MB used.

Virtual space:
  Non-class space:       64.00 MB reserved,      33.19 MB ( 52%) committed,  1 nodes.
      Class space:        1.00 GB reserved,       5.00 MB ( <1%) committed,  1 nodes.
             Both:        1.06 GB reserved,      38.19 MB (  4%) committed. 

Chunk freelists:
   Non-Class:  14.61 MB
       Class:  11.01 MB
        Both:  25.62 MB

MaxMetaspaceSize: unlimited
CompressedClassSpaceSize: 1.00 GB
Initial GC threshold: 21.00 MB
Current GC threshold: 62.94 MB
CDS: off
MetaspaceReclaimPolicy: balanced
 - commit_granule_bytes: 65536.
 - commit_granule_words: 8192.
 - virtual_space_node_default_size: 8388608.
 - enlarge_chunks_in_place: 1.
 - new_chunks_are_fully_committed: 0.
 - uncommit_free_chunks: 1.
 - use_allocation_guard: 0.
 - handle_deallocations: 1.


Internal statistics:

num_allocs_failed_limit: 3.
num_arena_births: 300.
num_arena_deaths: 0.
num_vsnodes_births: 2.
num_vsnodes_deaths: 0.
num_space_committed: 611.
num_space_uncommitted: 0.
num_chunks_returned_to_freelist: 3.
num_chunks_taken_from_freelist: 1237.
num_chunk_merges: 3.
num_chunk_splits: 847.
num_chunks_enlarged: 644.
num_inconsistent_stats: 0.

CodeHeap 'non-profiled nmethods': size=120000Kb used=2858Kb max_used=2858Kb free=117141Kb
 bounds [0x000002be34980000, 0x000002be34c50000, 0x000002be3beb0000]
CodeHeap 'profiled nmethods': size=120000Kb used=12659Kb max_used=12659Kb free=107340Kb
 bounds [0x000002be2ceb0000, 0x000002be2db10000, 0x000002be343e0000]
CodeHeap 'non-nmethods': size=5760Kb used=1530Kb max_used=1579Kb free=4229Kb
 bounds [0x000002be343e0000, 0x000002be34650000, 0x000002be34980000]
 total_blobs=6814 nmethods=5901 adapters=823
 compilation: enabled
              stopped_count=0, restarted_count=0
 full_count=0

Compilation events (20 events):
Event: 52.437 Thread 0x000002be439bbef0 5891       3       java.lang.Double::equals (34 bytes)
Event: 52.437 Thread 0x000002be439bbef0 nmethod 5891 0x000002be2db01e10 code [0x000002be2db01fe0, 0x000002be2db02698]
Event: 52.437 Thread 0x000002be439bbef0 5883       3       javafx.scene.control.skin.LabeledSkinBase::computeMinWidth (13 bytes)
Event: 52.437 Thread 0x000002be439bbef0 nmethod 5883 0x000002be2db02810 code [0x000002be2db029a0, 0x000002be2db02ae8]
Event: 52.437 Thread 0x000002be439bbef0 5892       3       javafx.scene.text.Text::getYAdjustment (86 bytes)
Event: 52.438 Thread 0x000002be439bbef0 nmethod 5892 0x000002be2db02b90 code [0x000002be2db02e20, 0x000002be2db03878]
Event: 52.438 Thread 0x000002be439bbef0 5894       3       javafx.scene.paint.Paint$1::getPlatformPaint (5 bytes)
Event: 52.438 Thread 0x000002be439bbef0 nmethod 5894 0x000002be2db03b10 code [0x000002be2db03cc0, 0x000002be2db03e88]
Event: 52.438 Thread 0x000002be439bbef0 5890       3       com.sun.javafx.font.PrismFontFile::getGlyphBoundingBox (165 bytes)
Event: 52.439 Thread 0x000002be439bbef0 nmethod 5890 0x000002be2db03f90 code [0x000002be2db04240, 0x000002be2db05488]
Event: 52.441 Thread 0x000002be439bbef0 5901       3       com.sun.prism.impl.BaseResourcePool::used (22 bytes)
Event: 52.442 Thread 0x000002be439bbef0 nmethod 5901 0x000002be2db05b10 code [0x000002be2db05ce0, 0x000002be2db060a8]
Event: 52.464 Thread 0x000002be439bbef0 5902       1       com.sun.prism.Image::getPixelBuffer (5 bytes)
Event: 52.464 Thread 0x000002be439bbef0 nmethod 5902 0x000002be34c49c90 code [0x000002be34c49e20, 0x000002be34c49ef8]
Event: 52.464 Thread 0x000002be439bbef0 5903       1       com.sun.prism.Image::getMinX (5 bytes)
Event: 52.464 Thread 0x000002be439bbef0 nmethod 5903 0x000002be34c49f90 code [0x000002be34c4a120, 0x000002be34c4a1f8]
Event: 52.464 Thread 0x000002be439bbef0 5904       1       com.sun.prism.Image::getMinY (5 bytes)
Event: 52.465 Thread 0x000002be439bbef0 nmethod 5904 0x000002be34c4a290 code [0x000002be34c4a420, 0x000002be34c4a4f8]
Event: 52.465 Thread 0x000002be439bbef0 5905       1       com.sun.prism.Image::getScanlineStride (5 bytes)
Event: 52.465 Thread 0x000002be439bbef0 nmethod 5905 0x000002be34c4a590 code [0x000002be34c4a720, 0x000002be34c4a7f8]

GC Heap History (20 events):
Event: 42.767 GC heap before
{Heap before GC invocations=15 (full 0):
 garbage-first heap   total 146432K, used 75083K [0x0000000081e00000, 0x0000000100000000)
  region size 1024K, 5 young (5120K), 3 survivors (3072K)
 Metaspace       used 37716K, committed 38016K, reserved 1114112K
  class space    used 4927K, committed 5056K, reserved 1048576K
}
Event: 42.770 GC heap after
{Heap after GC invocations=16 (full 0):
 garbage-first heap   total 146432K, used 74410K [0x0000000081e00000, 0x0000000100000000)
  region size 1024K, 4 young (4096K), 4 survivors (4096K)
 Metaspace       used 37716K, committed 38016K, reserved 1114112K
  class space    used 4927K, committed 5056K, reserved 1048576K
}
Event: 42.805 GC heap before
{Heap before GC invocations=17 (full 0):
 garbage-first heap   total 147456K, used 84650K [0x0000000081e00000, 0x0000000100000000)
  region size 1024K, 5 young (5120K), 4 survivors (4096K)
 Metaspace       used 37721K, committed 38016K, reserved 1114112K
  class space    used 4927K, committed 5056K, reserved 1048576K
}
Event: 42.808 GC heap after
{Heap after GC invocations=18 (full 0):
 garbage-first heap   total 147456K, used 84937K [0x0000000081e00000, 0x0000000100000000)
  region size 1024K, 1 young (1024K), 1 survivors (1024K)
 Metaspace       used 37721K, committed 38016K, reserved 1114112K
  class space    used 4927K, committed 5056K, reserved 1048576K
}
Event: 42.830 GC heap before
{Heap before GC invocations=19 (full 0):
 garbage-first heap   total 173056K, used 101321K [0x0000000081e00000, 0x0000000100000000)
  region size 1024K, 2 young (2048K), 1 survivors (1024K)
 Metaspace       used 37721K, committed 38016K, reserved 1114112K
  class space    used 4927K, committed 5056K, reserved 1048576K
}
Event: 42.832 GC heap after
{Heap after GC invocations=20 (full 0):
 garbage-first heap   total 207872K, used 99304K [0x0000000081e00000, 0x0000000100000000)
  region size 1024K, 1 young (1024K), 1 survivors (1024K)
 Metaspace       used 37721K, committed 38016K, reserved 1114112K
  class space    used 4927K, committed 5056K, reserved 1048576K
}
Event: 43.119 GC heap before
{Heap before GC invocations=21 (full 0):
 garbage-first heap   total 207872K, used 201704K [0x0000000081e00000, 0x0000000100000000)
  region size 1024K, 5 young (5120K), 1 survivors (1024K)
 Metaspace       used 37796K, committed 38080K, reserved 1114112K
  class space    used 4931K, committed 5056K, reserved 1048576K
}
Event: 43.120 GC heap after
{Heap after GC invocations=22 (full 0):
 garbage-first heap   total 207872K, used 191339K [0x0000000081e00000, 0x0000000100000000)
  region size 1024K, 1 young (1024K), 1 survivors (1024K)
 Metaspace       used 37796K, committed 38080K, reserved 1114112K
  class space    used 4931K, committed 5056K, reserved 1048576K
}
Event: 43.158 GC heap before
{Heap before GC invocations=22 (full 0):
 garbage-first heap   total 207872K, used 203627K [0x0000000081e00000, 0x0000000100000000)
  region size 1024K, 2 young (2048K), 1 survivors (1024K)
 Metaspace       used 37826K, committed 38080K, reserved 1114112K
  class space    used 4932K, committed 5056K, reserved 1048576K
}
Event: 43.159 GC heap after
{Heap after GC invocations=23 (full 0):
 garbage-first heap   total 207872K, used 203518K [0x0000000081e00000, 0x0000000100000000)
  region size 1024K, 1 young (1024K), 1 survivors (1024K)
 Metaspace       used 37826K, committed 38080K, reserved 1114112K
  class space    used 4932K, committed 5056K, reserved 1048576K
}
Event: 43.188 GC heap before
{Heap before GC invocations=23 (full 0):
 garbage-first heap   total 207872K, used 205566K [0x0000000081e00000, 0x0000000100000000)
  region size 1024K, 2 young (2048K), 1 survivors (1024K)
 Metaspace       used 37936K, committed 38272K, reserved 1114112K
  class space    used 4944K, committed 5120K, reserved 1048576K
}
Event: 43.190 GC heap after
{Heap after GC invocations=24 (full 0):
 garbage-first heap   total 207872K, used 203725K [0x0000000081e00000, 0x0000000100000000)
  region size 1024K, 1 young (1024K), 1 survivors (1024K)
 Metaspace       used 37936K, committed 38272K, reserved 1114112K
  class space    used 4944K, committed 5120K, reserved 1048576K
}
Event: 43.226 GC heap before
{Heap before GC invocations=25 (full 0):
 garbage-first heap   total 353280K, used 210893K [0x0000000081e00000, 0x0000000100000000)
  region size 1024K, 2 young (2048K), 1 survivors (1024K)
 Metaspace       used 37945K, committed 38272K, reserved 1114112K
  class space    used 4944K, committed 5120K, reserved 1048576K
}
Event: 43.228 GC heap after
{Heap after GC invocations=26 (full 0):
 garbage-first heap   total 353280K, used 210871K [0x0000000081e00000, 0x0000000100000000)
  region size 1024K, 1 young (1024K), 1 survivors (1024K)
 Metaspace       used 37945K, committed 38272K, reserved 1114112K
  class space    used 4944K, committed 5120K, reserved 1048576K
}
Event: 47.881 GC heap before
{Heap before GC invocations=27 (full 0):
 garbage-first heap   total 357376K, used 222135K [0x0000000081e00000, 0x0000000100000000)
  region size 1024K, 11 young (11264K), 1 survivors (1024K)
 Metaspace       used 38382K, committed 38656K, reserved 1114112K
  class space    used 4978K, committed 5120K, reserved 1048576K
}
Event: 47.883 GC heap after
{Heap after GC invocations=28 (full 0):
 garbage-first heap   total 357376K, used 207825K [0x0000000081e00000, 0x0000000100000000)
  region size 1024K, 3 young (3072K), 3 survivors (3072K)
 Metaspace       used 38382K, committed 38656K, reserved 1114112K
  class space    used 4978K, committed 5120K, reserved 1048576K
}
Event: 52.300 GC heap before
{Heap before GC invocations=29 (full 0):
 garbage-first heap   total 357376K, used 349137K [0x0000000081e00000, 0x0000000100000000)
  region size 1024K, 15 young (15360K), 3 survivors (3072K)
 Metaspace       used 38569K, committed 38848K, reserved 1114112K
  class space    used 4989K, committed 5120K, reserved 1048576K
}
Event: 52.305 GC heap after
{Heap after GC invocations=30 (full 0):
 garbage-first heap   total 357376K, used 330080K [0x0000000081e00000, 0x0000000100000000)
  region size 1024K, 5 young (5120K), 5 survivors (5120K)
 Metaspace       used 38569K, committed 38848K, reserved 1114112K
  class space    used 4989K, committed 5120K, reserved 1048576K
}
Event: 52.372 GC heap before
{Heap before GC invocations=30 (full 0):
 garbage-first heap   total 357376K, used 349536K [0x0000000081e00000, 0x0000000100000000)
  region size 1024K, 6 young (6144K), 5 survivors (5120K)
 Metaspace       used 38608K, committed 38912K, reserved 1114112K
  class space    used 4990K, committed 5120K, reserved 1048576K
}
Event: 52.375 GC heap after
{Heap after GC invocations=31 (full 0):
 garbage-first heap   total 357376K, used 346973K [0x0000000081e00000, 0x0000000100000000)
  region size 1024K, 1 young (1024K), 1 survivors (1024K)
 Metaspace       used 38608K, committed 38912K, reserved 1114112K
  class space    used 4990K, committed 5120K, reserved 1048576K
}

Dll operation events (2 events):
Event: 0.017 Loaded shared library C:\Program Files\Java\jbr-17.0.9\bin\java.dll
Event: 0.129 Loaded shared library C:\Program Files\Java\jbr-17.0.9\bin\jsvml.dll

Deoptimization events (20 events):
Event: 52.232 Thread 0x000002be4852cd80 DEOPT PACKING pc=0x000002be2d0105c3 sp=0x000000d60dbfb790
Event: 52.232 Thread 0x000002be4852cd80 DEOPT UNPACKING pc=0x000002be34437143 sp=0x000000d60dbfacb0 mode 0
Event: 52.341 Thread 0x000002be4852cd80 DEOPT PACKING pc=0x000002be2d89fb5d sp=0x000000d60dbfb700
Event: 52.342 Thread 0x000002be4852cd80 DEOPT UNPACKING pc=0x000002be34437143 sp=0x000000d60dbfabe8 mode 0
Event: 52.389 Thread 0x000002be4852cd80 Uncommon trap: trap_request=0xfffffff4 fr.pc=0x000002be34bcc6d4 relative=0x00000000000000b4
Event: 52.389 Thread 0x000002be4852cd80 Uncommon trap: reason=null_check action=make_not_entrant pc=0x000002be34bcc6d4 method=javafx.scene.Scene.getWindow()Ljavafx/stage/Window; @ 18 c2
Event: 52.389 Thread 0x000002be4852cd80 DEOPT PACKING pc=0x000002be34bcc6d4 sp=0x000000d60dbfbdd0
Event: 52.389 Thread 0x000002be4852cd80 DEOPT UNPACKING pc=0x000002be344369a3 sp=0x000000d60dbfbd60 mode 2
Event: 52.399 Thread 0x000002be4852cd80 Uncommon trap: trap_request=0xffffffd6 fr.pc=0x000002be34c0adf4 relative=0x00000000000003b4
Event: 52.399 Thread 0x000002be4852cd80 Uncommon trap: reason=array_check action=maybe_recompile pc=0x000002be34c0adf4 method=javafx.css.CompoundSelector.applies(Ljavafx/css/Styleable;[Ljava/util/Set;I)Z @ 133 c2
Event: 52.399 Thread 0x000002be4852cd80 DEOPT PACKING pc=0x000002be34c0adf4 sp=0x000000d60dbf9a10
Event: 52.399 Thread 0x000002be4852cd80 DEOPT UNPACKING pc=0x000002be344369a3 sp=0x000000d60dbf9998 mode 2
Event: 52.399 Thread 0x000002be4852cd80 Uncommon trap: trap_request=0xffffffd6 fr.pc=0x000002be34c0adf4 relative=0x00000000000003b4
Event: 52.399 Thread 0x000002be4852cd80 Uncommon trap: reason=array_check action=maybe_recompile pc=0x000002be34c0adf4 method=javafx.css.CompoundSelector.applies(Ljavafx/css/Styleable;[Ljava/util/Set;I)Z @ 133 c2
Event: 52.399 Thread 0x000002be4852cd80 DEOPT PACKING pc=0x000002be34c0adf4 sp=0x000000d60dbf9a10
Event: 52.399 Thread 0x000002be4852cd80 DEOPT UNPACKING pc=0x000002be344369a3 sp=0x000000d60dbf9998 mode 2
Event: 52.399 Thread 0x000002be4852cd80 Uncommon trap: trap_request=0xffffffd6 fr.pc=0x000002be34c0adf4 relative=0x00000000000003b4
Event: 52.399 Thread 0x000002be4852cd80 Uncommon trap: reason=array_check action=maybe_recompile pc=0x000002be34c0adf4 method=javafx.css.CompoundSelector.applies(Ljavafx/css/Styleable;[Ljava/util/Set;I)Z @ 133 c2
Event: 52.399 Thread 0x000002be4852cd80 DEOPT PACKING pc=0x000002be34c0adf4 sp=0x000000d60dbf9a10
Event: 52.399 Thread 0x000002be4852cd80 DEOPT UNPACKING pc=0x000002be344369a3 sp=0x000000d60dbf9998 mode 2

Classes unloaded (0 events):
No events

Classes redefined (0 events):
No events

Internal exceptions (20 events):
Event: 39.214 Thread 0x000002be4852cd80 Exception <a 'java/io/FileNotFoundException'{0x0000000089da8020}> (0x0000000089da8020) 
thrown [s\src\hotspot\share\prims\jni.cpp, line 517]
Event: 39.217 Thread 0x000002be4852cd80 Exception <a 'java/io/FileNotFoundException'{0x0000000089db94f8}> (0x0000000089db94f8) 
thrown [s\src\hotspot\share\prims\jni.cpp, line 517]
Event: 39.223 Thread 0x000002be4852cd80 Exception <a 'java/io/FileNotFoundException'{0x0000000089de89b0}> (0x0000000089de89b0) 
thrown [s\src\hotspot\share\prims\jni.cpp, line 517]
Event: 39.224 Thread 0x000002be4852cd80 Exception <a 'java/io/FileNotFoundException'{0x0000000089df0020}> (0x0000000089df0020) 
thrown [s\src\hotspot\share\prims\jni.cpp, line 517]
Event: 39.225 Thread 0x000002be4852cd80 Exception <a 'java/io/FileNotFoundException'{0x0000000089dfeed8}> (0x0000000089dfeed8) 
thrown [s\src\hotspot\share\prims\jni.cpp, line 517]
Event: 39.230 Thread 0x000002be4852cd80 Exception <a 'java/io/FileNotFoundException'{0x000000008922c6a8}> (0x000000008922c6a8) 
thrown [s\src\hotspot\share\prims\jni.cpp, line 517]
Event: 39.231 Thread 0x000002be4852cd80 Exception <a 'java/io/FileNotFoundException'{0x0000000089233d18}> (0x0000000089233d18) 
thrown [s\src\hotspot\share\prims\jni.cpp, line 517]
Event: 39.233 Thread 0x000002be4852cd80 Exception <a 'java/io/FileNotFoundException'{0x0000000089242988}> (0x0000000089242988) 
thrown [s\src\hotspot\share\prims\jni.cpp, line 517]
Event: 39.242 Thread 0x000002be4852cd80 Exception <a 'java/io/FileNotFoundException'{0x0000000089284a90}> (0x0000000089284a90) 
thrown [s\src\hotspot\share\prims\jni.cpp, line 517]
Event: 39.273 Thread 0x000002be4852cd80 Exception <a 'java/lang/ClassNotFoundException'{0x00000000891435f8}: sun/util/logging/resources/spi/loggingProvider> (0x00000000891435f8) 
thrown [s\src\hotspot\share\classfile\systemDictionary.cpp, line 256]
Event: 39.443 Thread 0x000002be4852cd80 Exception <a 'java/lang/NoSuchMethodError'{0x0000000088a83ab8}: 'int java.lang.invoke.DirectMethodHandle$Holder.invokeSpecial(java.lang.Object, java.lang.Object, int)'> (0x0000000088a83ab8) 
thrown [s\src\hotspot\share\interpreter\linkResolver.cpp, line 771]
Event: 39.473 Thread 0x000002be4852cd80 Implicit null exception at 0x000002be34a7baed to 0x000002be34a7bc24
Event: 43.250 Thread 0x000002be4852cd80 Exception <a 'java/io/FileNotFoundException'{0x000000009756c8d8}> (0x000000009756c8d8) 
thrown [s\src\hotspot\share\prims\jni.cpp, line 517]
Event: 43.256 Thread 0x000002be4852cd80 Exception <a 'java/io/FileNotFoundException'{0x00000000975a4678}> (0x00000000975a4678) 
thrown [s\src\hotspot\share\prims\jni.cpp, line 517]
Event: 43.262 Thread 0x000002be4852cd80 Exception <a 'java/io/FileNotFoundException'{0x00000000975e61b8}> (0x00000000975e61b8) 
thrown [s\src\hotspot\share\prims\jni.cpp, line 517]
Event: 47.925 Thread 0x000002be4852cd80 Exception <a 'java/io/FileNotFoundException'{0x0000000097ae57e0}> (0x0000000097ae57e0) 
thrown [s\src\hotspot\share\prims\jni.cpp, line 517]
Event: 47.954 Thread 0x000002be4852cd80 Exception <a 'java/io/FileNotFoundException'{0x00000000978df758}> (0x00000000978df758) 
thrown [s\src\hotspot\share\prims\jni.cpp, line 517]
Event: 49.689 Thread 0x000002be4852cd80 Exception <a 'java/lang/NoSuchMethodError'{0x00000000975fa4a8}: 'java.lang.Object java.lang.invoke.DirectMethodHandle$Holder.newInvokeSpecial(java.lang.Object, java.lang.Object, java.lang.Object, double, double, double, double, int, int, int, int, int, int, int, int, int)'> (0x00000000975fa4a8) 
thrown [s\src\hotspot\share\interpreter\linkResolver.cpp, line 771]
Event: 52.384 Thread 0x000002be4852cd80 Exception <a 'java/io/FileNotFoundException'{0x0000000097a78040}> (0x0000000097a78040) 
thrown [s\src\hotspot\share\prims\jni.cpp, line 517]
Event: 52.389 Thread 0x000002be4852cd80 Implicit null exception at 0x000002be34bcc66e to 0x000002be34bcc6c8

VM Operations (20 events):
Event: 47.256 Executing VM operation: Cleanup
Event: 47.256 Executing VM operation: Cleanup done
Event: 47.881 Executing VM operation: G1TryInitiateConcMark
Event: 47.883 Executing VM operation: G1TryInitiateConcMark done
Event: 47.895 Executing VM operation: G1PauseRemark
Event: 47.899 Executing VM operation: G1PauseRemark done
Event: 47.905 Executing VM operation: G1PauseCleanup
Event: 47.905 Executing VM operation: G1PauseCleanup done
Event: 48.905 Executing VM operation: Cleanup
Event: 48.905 Executing VM operation: Cleanup done
Event: 49.906 Executing VM operation: Cleanup
Event: 49.906 Executing VM operation: Cleanup done
Event: 50.907 Executing VM operation: Cleanup
Event: 50.907 Executing VM operation: Cleanup done
Event: 51.907 Executing VM operation: Cleanup
Event: 51.907 Executing VM operation: Cleanup done
Event: 52.300 Executing VM operation: G1CollectForAllocation
Event: 52.305 Executing VM operation: G1CollectForAllocation done
Event: 52.371 Executing VM operation: G1CollectForAllocation
Event: 52.375 Executing VM operation: G1CollectForAllocation done

Events (20 events):
Event: 39.275 loading class java/time/LocalTime$1 done
Event: 39.394 loading class java/util/BitSet$1BitSetSpliterator
Event: 39.394 loading class java/util/BitSet$1BitSetSpliterator done
Event: 39.394 loading class java/util/stream/IntPipeline$1
Event: 39.395 loading class java/util/stream/IntPipeline$1 done
Event: 39.395 loading class java/util/stream/IntPipeline$1$1
Event: 39.395 loading class java/util/stream/IntPipeline$1$1 done
Event: 39.742 Thread 0x000002be50b5fe80 Thread exited: 0x000002be50b5fe80
Event: 39.873 Thread 0x000002be50d06030 Thread exited: 0x000002be50d06030
Event: 43.182 loading class java/lang/Short$ShortCache
Event: 43.182 loading class java/lang/Short$ShortCache done
Event: 43.182 loading class java/lang/Character$CharacterCache
Event: 43.182 loading class java/lang/Character$CharacterCache done
Event: 43.187 Thread 0x000002be5089f530 Thread added: 0x000002be5089f530
Event: 43.544 Thread 0x000002be5089f530 Thread exited: 0x000002be5089f530
Event: 47.930 Thread 0x000002be5089f530 Thread added: 0x000002be5089f530
Event: 48.260 Thread 0x000002be5089f530 Thread exited: 0x000002be5089f530
Event: 51.524 Thread 0x000002be4d72ced0 Thread added: 0x000002be4d72ced0
Event: 51.756 Thread 0x000002be4d72ced0 Thread exited: 0x000002be4d72ced0
Event: 52.342 Thread 0x000002be4d9837f0 Thread added: 0x000002be4d9837f0


Dynamic libraries:
0x00007ff745900000 - 0x00007ff74590a000 	C:\Program Files\Java\jbr-17.0.9\bin\java.exe
0x00007fffa9cf0000 - 0x00007fffa9ee8000 	C:\Windows\SYSTEM32\ntdll.dll
0x00007fffa8870000 - 0x00007fffa892d000 	C:\Windows\System32\KERNEL32.DLL
0x00007fffa76e0000 - 0x00007fffa79d6000 	C:\Windows\System32\KERNELBASE.dll
0x00007fffa75b0000 - 0x00007fffa76b0000 	C:\Windows\System32\ucrtbase.dll
0x00007fff850d0000 - 0x00007fff850e7000 	C:\Program Files\Java\jbr-17.0.9\bin\jli.dll
0x00007fff86180000 - 0x00007fff8619b000 	C:\Program Files\Java\jbr-17.0.9\bin\VCRUNTIME140.dll
0x00007fffa91e0000 - 0x00007fffa937e000 	C:\Windows\System32\USER32.dll
0x00007fff900e0000 - 0x00007fff9037a000 	C:\Windows\WinSxS\amd64_microsoft.windows.common-controls_6595b64144ccf1df_6.0.19041.3636_none_60b6a03d71f818d5\COMCTL32.dll
0x00007fffa76b0000 - 0x00007fffa76d2000 	C:\Windows\System32\win32u.dll
0x00007fffa9c00000 - 0x00007fffa9c9e000 	C:\Windows\System32\msvcrt.dll
0x00007fffa89a0000 - 0x00007fffa89cb000 	C:\Windows\System32\GDI32.dll
0x00007fffa7b30000 - 0x00007fffa7c47000 	C:\Windows\System32\gdi32full.dll
0x00007fffa73b0000 - 0x00007fffa744d000 	C:\Windows\System32\msvcp_win.dll
0x00007fffa89d0000 - 0x00007fffa8a02000 	C:\Windows\System32\IMM32.DLL
0x00007fff93f00000 - 0x00007fff93f0c000 	C:\Program Files\Java\jbr-17.0.9\bin\vcruntime140_1.dll
0x00007fff6dcf0000 - 0x00007fff6dd7d000 	C:\Program Files\Java\jbr-17.0.9\bin\msvcp140.dll
0x00007fff607b0000 - 0x00007fff61432000 	C:\Program Files\Java\jbr-17.0.9\bin\server\jvm.dll
0x00007fffa7d30000 - 0x00007fffa7de3000 	C:\Windows\System32\ADVAPI32.dll
0x00007fffa87d0000 - 0x00007fffa886f000 	C:\Windows\System32\sechost.dll
0x00007fffa9ad0000 - 0x00007fffa9bf6000 	C:\Windows\System32\RPCRT4.dll
0x00007fffa79e0000 - 0x00007fffa7a07000 	C:\Windows\System32\bcrypt.dll
0x00007fffa6900000 - 0x00007fffa694b000 	C:\Windows\SYSTEM32\POWRPROF.dll
0x00007fff8fdb0000 - 0x00007fff8fdb9000 	C:\Windows\SYSTEM32\WSOCK32.dll
0x00007fffa8930000 - 0x00007fffa899b000 	C:\Windows\System32\WS2_32.dll
0x00007fff93650000 - 0x00007fff93677000 	C:\Windows\SYSTEM32\WINMM.dll
0x00007fffa12b0000 - 0x00007fffa12ba000 	C:\Windows\SYSTEM32\VERSION.dll
0x00007fffa67c0000 - 0x00007fffa67d2000 	C:\Windows\SYSTEM32\UMPDC.dll
0x00007fffa5bf0000 - 0x00007fffa5c02000 	C:\Windows\SYSTEM32\kernel.appcore.dll
0x00007fff8a190000 - 0x00007fff8a19a000 	C:\Program Files\Java\jbr-17.0.9\bin\jimage.dll
0x00007fffa4ff0000 - 0x00007fffa51d4000 	C:\Windows\SYSTEM32\DBGHELP.DLL
0x00007fff95640000 - 0x00007fff95674000 	C:\Windows\SYSTEM32\dbgcore.DLL
0x00007fffa7c50000 - 0x00007fffa7cd2000 	C:\Windows\System32\bcryptPrimitives.dll
0x00007fff850a0000 - 0x00007fff850c5000 	C:\Program Files\Java\jbr-17.0.9\bin\java.dll
0x00007fff94090000 - 0x00007fff940a8000 	C:\Program Files\Java\jbr-17.0.9\bin\zip.dll
0x00007fff6de90000 - 0x00007fff6df67000 	C:\Program Files\Java\jbr-17.0.9\bin\jsvml.dll
0x00007fffa8a90000 - 0x00007fffa91d5000 	C:\Windows\System32\SHELL32.dll
0x00007fffa5440000 - 0x00007fffa5bdc000 	C:\Windows\SYSTEM32\windows.storage.dll
0x00007fffa96c0000 - 0x00007fffa9a14000 	C:\Windows\System32\combase.dll
0x00007fffa6de0000 - 0x00007fffa6e0e000 	C:\Windows\SYSTEM32\Wldp.dll
0x00007fffa7df0000 - 0x00007fffa7ebd000 	C:\Windows\System32\OLEAUT32.dll
0x00007fffa95b0000 - 0x00007fffa965d000 	C:\Windows\System32\SHCORE.dll
0x00007fffa9410000 - 0x00007fffa9465000 	C:\Windows\System32\shlwapi.dll
0x00007fffa72e0000 - 0x00007fffa7305000 	C:\Windows\SYSTEM32\profapi.dll
0x00007fff94030000 - 0x00007fff94049000 	C:\Program Files\Java\jbr-17.0.9\bin\net.dll
0x00007fff9fcc0000 - 0x00007fff9fdca000 	C:\Windows\SYSTEM32\WINHTTP.dll
0x00007fffa6b40000 - 0x00007fffa6baa000 	C:\Windows\system32\mswsock.dll
0x00007fff860f0000 - 0x00007fff86106000 	C:\Program Files\Java\jbr-17.0.9\bin\nio.dll
0x000002be29630000 - 0x000002be29633000 	C:\Users\HACHEM\.openjfx\cache\21.0.2+5\amd64\api-ms-win-core-console-l1-1-0.dll
0x000002be29640000 - 0x000002be29643000 	C:\Users\HACHEM\.openjfx\cache\21.0.2+5\amd64\api-ms-win-core-console-l1-2-0.dll
0x000002be29650000 - 0x000002be29653000 	C:\Users\HACHEM\.openjfx\cache\21.0.2+5\amd64\api-ms-win-core-datetime-l1-1-0.dll
0x000002be29660000 - 0x000002be29663000 	C:\Users\HACHEM\.openjfx\cache\21.0.2+5\amd64\api-ms-win-core-debug-l1-1-0.dll
0x000002be29670000 - 0x000002be29673000 	C:\Users\HACHEM\.openjfx\cache\21.0.2+5\amd64\api-ms-win-core-errorhandling-l1-1-0.dll
0x000002be29680000 - 0x000002be29684000 	C:\Users\HACHEM\.openjfx\cache\21.0.2+5\amd64\api-ms-win-core-file-l1-1-0.dll
0x000002be29690000 - 0x000002be29693000 	C:\Users\HACHEM\.openjfx\cache\21.0.2+5\amd64\api-ms-win-core-file-l1-2-0.dll
0x000002be43e40000 - 0x000002be43e43000 	C:\Users\HACHEM\.openjfx\cache\21.0.2+5\amd64\api-ms-win-core-file-l2-1-0.dll
0x000002be43e50000 - 0x000002be43e53000 	C:\Users\HACHEM\.openjfx\cache\21.0.2+5\amd64\api-ms-win-core-handle-l1-1-0.dll
0x000002be43e60000 - 0x000002be43e63000 	C:\Users\HACHEM\.openjfx\cache\21.0.2+5\amd64\api-ms-win-core-heap-l1-1-0.dll
0x000002be43e70000 - 0x000002be43e73000 	C:\Users\HACHEM\.openjfx\cache\21.0.2+5\amd64\api-ms-win-core-interlocked-l1-1-0.dll
0x000002be43e80000 - 0x000002be43e83000 	C:\Users\HACHEM\.openjfx\cache\21.0.2+5\amd64\api-ms-win-core-libraryloader-l1-1-0.dll
0x000002be43e90000 - 0x000002be43e93000 	C:\Users\HACHEM\.openjfx\cache\21.0.2+5\amd64\api-ms-win-core-localization-l1-2-0.dll
0x000002be43ea0000 - 0x000002be43ea3000 	C:\Users\HACHEM\.openjfx\cache\21.0.2+5\amd64\api-ms-win-core-memory-l1-1-0.dll
0x000002be43eb0000 - 0x000002be43eb3000 	C:\Users\HACHEM\.openjfx\cache\21.0.2+5\amd64\api-ms-win-core-namedpipe-l1-1-0.dll
0x000002be43ec0000 - 0x000002be43ec3000 	C:\Users\HACHEM\.openjfx\cache\21.0.2+5\amd64\api-ms-win-core-processenvironment-l1-1-0.dll
0x000002be43ed0000 - 0x000002be43ed3000 	C:\Users\HACHEM\.openjfx\cache\21.0.2+5\amd64\api-ms-win-core-processthreads-l1-1-0.dll
0x000002be43ee0000 - 0x000002be43ee3000 	C:\Users\HACHEM\.openjfx\cache\21.0.2+5\amd64\api-ms-win-core-processthreads-l1-1-1.dll
0x000002be43ef0000 - 0x000002be43ef3000 	C:\Users\HACHEM\.openjfx\cache\21.0.2+5\amd64\api-ms-win-core-profile-l1-1-0.dll
0x000002be43f00000 - 0x000002be43f03000 	C:\Users\HACHEM\.openjfx\cache\21.0.2+5\amd64\api-ms-win-core-rtlsupport-l1-1-0.dll
0x000002be43f10000 - 0x000002be43f13000 	C:\Users\HACHEM\.openjfx\cache\21.0.2+5\amd64\api-ms-win-core-string-l1-1-0.dll
0x000002be43f20000 - 0x000002be43f23000 	C:\Users\HACHEM\.openjfx\cache\21.0.2+5\amd64\api-ms-win-core-synch-l1-1-0.dll
0x000002be43f30000 - 0x000002be43f33000 	C:\Users\HACHEM\.openjfx\cache\21.0.2+5\amd64\api-ms-win-core-synch-l1-2-0.dll
0x000002be43f40000 - 0x000002be43f43000 	C:\Users\HACHEM\.openjfx\cache\21.0.2+5\amd64\api-ms-win-core-sysinfo-l1-1-0.dll
0x000002be43f50000 - 0x000002be43f53000 	C:\Users\HACHEM\.openjfx\cache\21.0.2+5\amd64\api-ms-win-core-timezone-l1-1-0.dll
0x000002be43f60000 - 0x000002be43f63000 	C:\Users\HACHEM\.openjfx\cache\21.0.2+5\amd64\api-ms-win-core-util-l1-1-0.dll
0x000002be43f70000 - 0x000002be43f73000 	C:\Users\HACHEM\.openjfx\cache\21.0.2+5\amd64\api-ms-win-crt-conio-l1-1-0.dll
0x000002be43f80000 - 0x000002be43f84000 	C:\Users\HACHEM\.openjfx\cache\21.0.2+5\amd64\api-ms-win-crt-convert-l1-1-0.dll
0x000002be43f90000 - 0x000002be43f93000 	C:\Users\HACHEM\.openjfx\cache\21.0.2+5\amd64\api-ms-win-crt-environment-l1-1-0.dll
0x000002be43fa0000 - 0x000002be43fa3000 	C:\Users\HACHEM\.openjfx\cache\21.0.2+5\amd64\api-ms-win-crt-filesystem-l1-1-0.dll
0x000002be43fb0000 - 0x000002be43fb3000 	C:\Users\HACHEM\.openjfx\cache\21.0.2+5\amd64\api-ms-win-crt-heap-l1-1-0.dll
0x000002be43fc0000 - 0x000002be43fc3000 	C:\Users\HACHEM\.openjfx\cache\21.0.2+5\amd64\api-ms-win-crt-locale-l1-1-0.dll
0x000002be43fd0000 - 0x000002be43fd5000 	C:\Users\HACHEM\.openjfx\cache\21.0.2+5\amd64\api-ms-win-crt-math-l1-1-0.dll
0x000002be43fe0000 - 0x000002be43fe5000 	C:\Users\HACHEM\.openjfx\cache\21.0.2+5\amd64\api-ms-win-crt-multibyte-l1-1-0.dll
0x000002be43ff0000 - 0x000002be44000000 	C:\Users\HACHEM\.openjfx\cache\21.0.2+5\amd64\api-ms-win-crt-private-l1-1-0.dll
0x000002be48800000 - 0x000002be48803000 	C:\Users\HACHEM\.openjfx\cache\21.0.2+5\amd64\api-ms-win-crt-process-l1-1-0.dll
0x000002be48810000 - 0x000002be48814000 	C:\Users\HACHEM\.openjfx\cache\21.0.2+5\amd64\api-ms-win-crt-runtime-l1-1-0.dll
0x000002be48820000 - 0x000002be48824000 	C:\Users\HACHEM\.openjfx\cache\21.0.2+5\amd64\api-ms-win-crt-stdio-l1-1-0.dll
0x000002be48830000 - 0x000002be48834000 	C:\Users\HACHEM\.openjfx\cache\21.0.2+5\amd64\api-ms-win-crt-string-l1-1-0.dll
0x000002be48840000 - 0x000002be48843000 	C:\Users\HACHEM\.openjfx\cache\21.0.2+5\amd64\api-ms-win-crt-time-l1-1-0.dll
0x000002be48850000 - 0x000002be48853000 	C:\Users\HACHEM\.openjfx\cache\21.0.2+5\amd64\api-ms-win-crt-utility-l1-1-0.dll
0x00007fff6c700000 - 0x00007fff6c7fc000 	C:\Users\HACHEM\.openjfx\cache\21.0.2+5\amd64\ucrtbase.dll
0x00007fff79c70000 - 0x00007fff79c8b000 	C:\Users\HACHEM\.openjfx\cache\21.0.2+5\amd64\vcruntime140.dll
0x00007fff85090000 - 0x00007fff8509c000 	C:\Users\HACHEM\.openjfx\cache\21.0.2+5\amd64\vcruntime140_1.dll
0x00007fff6d8e0000 - 0x00007fff6d96e000 	C:\Users\HACHEM\.openjfx\cache\21.0.2+5\amd64\msvcp140.dll
0x00007fff85000000 - 0x00007fff85009000 	C:\Users\HACHEM\.openjfx\cache\21.0.2+5\amd64\msvcp140_1.dll
0x00007fff74440000 - 0x00007fff74481000 	C:\Users\HACHEM\.openjfx\cache\21.0.2+5\amd64\msvcp140_2.dll
0x00007fff79870000 - 0x00007fff798a0000 	C:\Users\HACHEM\.openjfx\cache\21.0.2+5\amd64\prism_d3d.dll
0x00007fffa1820000 - 0x00007fffa19ed000 	C:\Windows\system32\d3d9.dll
0x00007fffa4ad0000 - 0x00007fffa4aff000 	C:\Windows\SYSTEM32\dwmapi.dll
0x00007fffa4930000 - 0x00007fffa49ce000 	C:\Windows\system32\uxtheme.dll
0x00007fffa6f70000 - 0x00007fffa6f82000 	C:\Windows\SYSTEM32\msasn1.dll
0x00007fff9f430000 - 0x00007fff9f461000 	C:\Windows\SYSTEM32\cryptnet.dll
0x00007fffa7450000 - 0x00007fffa75ad000 	C:\Windows\System32\CRYPT32.dll
0x00007fffa6d30000 - 0x00007fffa6d3c000 	C:\Windows\SYSTEM32\cryptbase.dll
0x00007fffa7a10000 - 0x00007fffa7a77000 	C:\Windows\System32\WINTRUST.DLL
0x00007fffa8a10000 - 0x00007fffa8a2d000 	C:\Windows\System32\imagehlp.dll
0x00007fffa6d40000 - 0x00007fffa6d58000 	C:\Windows\SYSTEM32\CRYPTSP.dll
0x00007fffa6400000 - 0x00007fffa6434000 	C:\Windows\system32\rsaenh.dll
0x00007fff742a0000 - 0x00007fff742e2000 	C:\Users\HACHEM\.openjfx\cache\21.0.2+5\amd64\glass.dll
0x00007fffa83b0000 - 0x00007fffa848a000 	C:\Windows\System32\COMDLG32.dll
0x00007fffa9470000 - 0x00007fffa959b000 	C:\Windows\System32\ole32.dll
0x00007fffa8490000 - 0x00007fffa85a4000 	C:\Windows\System32\MSCTF.dll
0x00007fff796a0000 - 0x00007fff797b7000 	C:\Windows\System32\DriverStore\FileRepository\nvam.inf_amd64_506771a6fb6f60d4\nvldumdx.dll
0x00007fff9f050000 - 0x00007fff9f198000 	C:\Windows\SYSTEM32\drvstore.dll
0x00007fffa7160000 - 0x00007fffa7193000 	C:\Windows\SYSTEM32\devobj.dll
0x00007fffa7ce0000 - 0x00007fffa7d2e000 	C:\Windows\System32\cfgmgr32.dll
0x00007fff5b1e0000 - 0x00007fff5c9ea000 	C:\Windows\System32\DriverStore\FileRepository\nvam.inf_amd64_506771a6fb6f60d4\nvd3dumx.dll
0x00007fffa5c10000 - 0x00007fffa5c33000 	C:\Windows\SYSTEM32\gpapi.dll
0x00007fff9ce90000 - 0x00007fff9cecb000 	C:\Windows\SYSTEM32\dxcore.dll
0x00007fff686b0000 - 0x00007fff6885f000 	C:\Windows\System32\DriverStore\FileRepository\igdlh64.inf_amd64_d7f2a7c0384a2faf\igdumdim64.dll
0x00007fff58130000 - 0x00007fff5b1d3000 	C:\Windows\System32\DriverStore\FileRepository\igdlh64.inf_amd64_d7f2a7c0384a2faf\igd9dxva64.dll
0x00007fffa7f40000 - 0x00007fffa83ae000 	C:\Windows\System32\SETUPAPI.dll
0x00007fff9b3c0000 - 0x00007fff9b7c9000 	C:\Windows\System32\DriverStore\FileRepository\igdlh64.inf_amd64_d7f2a7c0384a2faf\igdgmm64.dll
0x00007fffa2ca0000 - 0x00007fffa2cc7000 	C:\Windows\System32\DriverStore\FileRepository\igdlh64.inf_amd64_d7f2a7c0384a2faf\igdinfo64.dll
0x00007fff97c20000 - 0x00007fff9b3b4000 	C:\Windows\System32\DriverStore\FileRepository\igdlh64.inf_amd64_d7f2a7c0384a2faf\igc64.dll
0x00007fff79550000 - 0x00007fff79564000 	C:\Users\HACHEM\.openjfx\cache\21.0.2+5\amd64\javafx_font.dll
0x00007fff910b0000 - 0x00007fff9132f000 	C:\Windows\SYSTEM32\dwrite.dll
0x00007fffa9a20000 - 0x00007fffa9ac9000 	C:\Windows\System32\clbcatq.dll
0x00007fff9f550000 - 0x00007fff9f704000 	C:\Windows\SYSTEM32\WindowsCodecs.dll

dbghelp: loaded successfully - version: 4.0.5 - missing functions: none
symbol engine: initialized successfully - sym options: 0x614 - pdb path: .;C:\Program Files\Java\jbr-17.0.9\bin;C:\Windows\SYSTEM32;C:\Windows\WinSxS\amd64_microsoft.windows.common-controls_6595b64144ccf1df_6.0.19041.3636_none_60b6a03d71f818d5;C:\Program Files\Java\jbr-17.0.9\bin\server;C:\Users\HACHEM\.openjfx\cache\21.0.2+5\amd64;C:\Windows\System32\DriverStore\FileRepository\nvam.inf_amd64_506771a6fb6f60d4;C:\Windows\System32\DriverStore\FileRepository\igdlh64.inf_amd64_d7f2a7c0384a2faf;C:\Program Files\Common Files\Microsoft Shared\Ink

VM Arguments:
jvm_args: --module-path=C:\Users\HACHEM\.m2\repository\org\openjfx\javafx-base\21.0.2\javafx-base-21.0.2-win.jar;C:\Users\HACHEM\.m2\repository\org\openjfx\javafx-base\21.0.2\javafx-base-21.0.2.jar;C:\Users\HACHEM\.m2\repository\org\openjfx\javafx-controls\21.0.2\javafx-controls-21.0.2-win.jar;C:\Users\HACHEM\.m2\repository\org\openjfx\javafx-controls\21.0.2\javafx-controls-21.0.2.jar;C:\Users\HACHEM\.m2\repository\org\openjfx\javafx-fxml\21.0.2\javafx-fxml-21.0.2-win.jar;C:\Users\HACHEM\.m2\repository\org\openjfx\javafx-fxml\21.0.2\javafx-fxml-21.0.2.jar;C:\Users\HACHEM\.m2\repository\org\openjfx\javafx-graphics\21.0.2\javafx-graphics-21.0.2-win.jar;C:\Users\HACHEM\.m2\repository\org\openjfx\javafx-graphics\21.0.2\javafx-graphics-21.0.2.jar;C:\Users\HACHEM\.m2\repository\org\openjfx\javafx-media\17.0.6\javafx-media-17.0.6-win.jar;C:\Users\HACHEM\.m2\repository\org\openjfx\javafx-media\17.0.6\javafx-media-17.0.6.jar;C:\Users\HACHEM\.m2\repository\org\openjfx\javafx-web\17.0.6\javafx-web-17.0.6-win.jar;C:\Users\HACHEM\.m2\repository\org\openjfx\javafx-web\17.0.6\javafx-web-17.0.6.jar --add-modules=javafx.base,javafx.controls,javafx.fxml,javafx.graphics,javafx.media,javafx.web 
java_command: edu.esprit.tests.MainFX
java_class_path (initial): C:\Users\HACHEM\Documents\java\InnoHire\projet_pidev\target\classes;C:\Users\HACHEM\.m2\repository\com\beust\jcommander\1.72\jcommander-1.72.jar;C:\Users\HACHEM\.m2\repository\com\fasterxml\jackson\core\jackson-annotations\2.11.2\jackson-annotations-2.11.2.jar;C:\Users\HACHEM\.m2\repository\com\fasterxml\jackson\core\jackson-core\2.11.2\jackson-core-2.11.2.jar;C:\Users\HACHEM\.m2\repository\com\fasterxml\jackson\core\jackson-databind\2.11.2\jackson-databind-2.11.2.jar;C:\Users\HACHEM\.m2\repository\com\fasterxml\woodstox\woodstox-core\5.2.1\woodstox-core-5.2.1.jar;C:\Users\HACHEM\.m2\repository\com\github\jai-imageio\jai-imageio-core\1.3.1\jai-imageio-core-1.3.1.jar;C:\Users\HACHEM\.m2\repository\com\github\sarxos\webcam-capture\0.3.12\webcam-capture-0.3.12.jar;C:\Users\HACHEM\.m2\repository\com\github\virtuald\curvesapi\1.06\curvesapi-1.06.jar;C:\Users\HACHEM\.m2\repository\com\google\code\gson\gson\2.8.9\gson-2.8.9.jar;C:\Users\HACHEM\.m2\repository\com\google\protobuf\protobuf-java\3.21.9\protobuf-java-3.21.9.jar;C:\Users\HACHEM\.m2\repository\com\google\zxing\core\3.3.2\core-3.3.2.jar;C:\Users\HACHEM\.m2\repository\com\google\zxing\javase\3.3.2\javase-3.3.2.jar;C:\Users\HACHEM\.m2\repository\com\mysql\mysql-connector-j\8.0.33\mysql-connector-j-8.0.33.jar;C:\Users\HACHEM\.m2\repository\com\nativelibs4java\bridj\0.7.0\bridj-0.7.0.jar;C:\Users\HACHEM\.m2\repository\com\stripe\stripe-java\24.17.0\stripe-java-24.17.0.jar;C:\Users\HACHEM\.m2\repository\com\twilio\sdk\twilio\8.0.0\twilio-8.0.0.jar;C:\Users\HACHEM\.m2\repository\com\zaxxer\SparseBitSet\1.2\SparseBitSet-1.2.jar;C:\Users\HACHEM\.m2\repository\commons-codec\commons-codec\1.15\commons-codec-1.15.jar;C:\Users\HACHEM\.m2\repository\commons-io\commons-io\2.7\commons-io-2.7.jar;C:\Users\HACHEM\.m2\repository\commons-logging\commons-logging\1.2\commons-logging-1.2.jar;C:\Users\HACHEM\.m2\repository\de\rototor\pdfbox\graphics2d\0.30\graphics2d-0.30.jar;C:\Users\HACHEM\.m2\repository\i
Launcher Type: SUN_STANDARD

[Global flags]
     intx CICompilerCount                          = 4                                         {product} {ergonomic}
     uint ConcGCThreads                            = 2                                         {product} {ergonomic}
     uint G1ConcRefinementThreads                  = 8                                         {product} {ergonomic}
   size_t G1HeapRegionSize                         = 1048576                                   {product} {ergonomic}
    uintx GCDrainStackTargetSize                   = 64                                        {product} {ergonomic}
   size_t InitialHeapSize                          = 134217728                                 {product} {ergonomic}
   size_t MarkStackSize                            = 4194304                                   {product} {ergonomic}
   size_t MaxHeapSize                              = 2116026368                                {product} {ergonomic}
   size_t MaxNewSize                               = 1268776960                                {product} {ergonomic}
   size_t MinHeapDeltaBytes                        = 1048576                                   {product} {ergonomic}
   size_t MinHeapSize                              = 8388608                                   {product} {ergonomic}
    uintx NonNMethodCodeHeapSize                   = 5839372                                {pd product} {ergonomic}
    uintx NonProfiledCodeHeapSize                  = 122909434                              {pd product} {ergonomic}
    uintx ProfiledCodeHeapSize                     = 122909434                              {pd product} {ergonomic}
    uintx ReservedCodeCacheSize                    = 251658240                              {pd product} {ergonomic}
     bool SegmentedCodeCache                       = true                                      {product} {ergonomic}
   size_t SoftMaxHeapSize                          = 2116026368                             {manageable} {ergonomic}
     bool UseCompressedClassPointers               = true                           {product lp64_product} {ergonomic}
     bool UseCompressedOops                        = true                           {product lp64_product} {ergonomic}
     bool UseG1GC                                  = true                                      {product} {ergonomic}
     bool UseLargePagesIndividualAllocation        = false                                  {pd product} {ergonomic}

Logging:
Log output configuration:
 #0: stdout all=warning uptime,level,tags
 #1: stderr all=off uptime,level,tags

Environment Variables:
JAVA_HOME=C:\Program Files\Java\jbr-17.0.9
PATH=C:\oraclexe\app\oracle\product\11.2.0\server\bin;C:\app\HACHEM\product\21c\dbhomeXE\bin;C:\Program Files (x86)\VMware\VMware Workstation\bin\;C:\Program Files\Common Files\Oracle\Java\javapath;C:\Program Files (x86)\Common Files\Oracle\Java\javapath;C:\Windows\system32;C:\Windows;C:\Windows\System32\Wbem;C:\Windows\System32\WindowsPowerShell\v1.0\;C:\Windows\System32\OpenSSH\;C:\Program Files\nodejs\;C:\wamp64\bin\php\php8.2.0;C:\ProgramData\ComposerSetup\bin;C:\Users\HACHEM\AppData\Local\Android\Sdk\platforms;C:\Users\HACHEM\AppData\Local\Android\Sdk\platform-tools;C:\Program Files\Git\cmd;C:\Program Files\Java\jbr-17.0.9\bin;C:\Users\HACHEM\scoop\shims;C:\Users\HACHEM\AppData\Local\Microsoft\WindowsApps;C:\Users\HACHEM\AppData\Local\Programs\Microsoft VS Code\bin;C:\dart-sdk\bin;C:\flutter\bin;C:\Users\HACHEM\AppData\Roaming\npm;C:\Users\HACHEM\AppData\Roaming\Composer\vendor\bin;C:\Program Files\JetBrains\IntelliJ IDEA 2023.2.1\bin;;C:\Users\HACHEM\AppData\Local\GitHubDesktop\bin;C:\Flex Windows\gcc\bin;C:\Flex Windows\Lex\bin;C:\Flex Windows\bison\bin
USERNAME=HACHEM
OS=Windows_NT
PROCESSOR_IDENTIFIER=Intel64 Family 6 Model 142 Stepping 10, GenuineIntel
TMP=C:\Users\HACHEM\AppData\Local\Temp
TEMP=C:\Users\HACHEM\AppData\Local\Temp



Periodic native trim disabled

JNI global refs:
JNI global refs: 32, weak refs: 17

JNI global refs memory usage: 843, weak refs: 841

OOME stack traces (most recent first):
Classloader memory used:
Loader bootstrap                                                                       : 2375K
Loader jdk.internal.loader.ClassLoaders$AppClassLoader                                 : 2361K
Loader jdk.internal.loader.ClassLoaders$PlatformClassLoader                            : 95932B
Loader jdk.internal.reflect.DelegatingClassLoader                                      : 17474B
Loader com.sun.javafx.reflect.MethodUtil                                               : 510B


---------------  S Y S T E M  ---------------

OS:
 Windows 10 , 64 bit Build 19041 (10.0.19041.3636)
OS uptime: 1 days 20:56 hours

CPU: total 8 (initial active 8) (4 cores per cpu, 2 threads per core) family 6 model 142 stepping 10 microcode 0xb4, cx8, cmov, fxsr, ht, mmx, 3dnowpref, sse, sse2, sse3, ssse3, sse4.1, sse4.2, popcnt, lzcnt, tsc, tscinvbit, avx, avx2, aes, erms, clmul, bmi1, bmi2, adx, fma, vzeroupper, clflush, clflushopt
Processor Information for all 8 processors :
  Max Mhz: 1800, Current Mhz: 1600, Mhz Limit: 1584

Memory: 4k page, system-wide physical 8070M (437M free)
TotalPageFile size 32646M (AvailPageFile size 1M)
current process WorkingSet (physical memory assigned to process): 496M, peak: 496M
current process commit charge ("private bytes"): 707M, peak: 709M

vm_info: OpenJDK 64-Bit Server VM (17.0.9+8-b1166.2) for windows-amd64 JRE (17.0.9+8-b1166.2), built on 2024-01-13 by "builduser" with MS VC++ 16.10 / 16.11 (VS2019)

END.
